#! /opt/homebrew/Cellar/icarus-verilog/11.0/bin/vvp
:ivl_version "11.0 (stable)";
:ivl_delay_selection "TYPICAL";
:vpi_time_precision - 12;
:vpi_module "/opt/homebrew/Cellar/icarus-verilog/11.0/lib/ivl/system.vpi";
:vpi_module "/opt/homebrew/Cellar/icarus-verilog/11.0/lib/ivl/vhdl_sys.vpi";
:vpi_module "/opt/homebrew/Cellar/icarus-verilog/11.0/lib/ivl/vhdl_textio.vpi";
:vpi_module "/opt/homebrew/Cellar/icarus-verilog/11.0/lib/ivl/v2005_math.vpi";
:vpi_module "/opt/homebrew/Cellar/icarus-verilog/11.0/lib/ivl/va_math.vpi";
S_0x13c62edc0 .scope module, "test_divider" "test_divider" 2 35;
 .timescale -9 -12;
v0x600003d0def0_0 .var/i "__ignore", 31 0;
v0x600003d0df80_0 .var/i "allTests", 31 0;
v0x600003d0e010_0 .var/i "errors", 31 0;
v0x600003d0e0a0_0 .var "exp_dividend", 15 0;
v0x600003d0e130_0 .var "exp_quotient", 15 0;
v0x600003d0e1c0_0 .var "exp_remainder", 15 0;
v0x600003d0e250_0 .var "i_dividend", 15 0;
v0x600003d0e2e0_0 .var "i_divisor", 15 0;
v0x600003d0e370_0 .var "i_quotient", 15 0;
v0x600003d0e400_0 .var "i_remainder", 15 0;
v0x600003d0e490_0 .var/i "input_file", 31 0;
v0x600003d0e520_0 .net "o_1iter_dividend", 15 0, L_0x600003e1a580;  1 drivers
v0x600003d0e5b0_0 .net "o_1iter_quotient", 15 0, L_0x600003e1a440;  1 drivers
v0x600003d0e640_0 .net "o_1iter_remainder", 15 0, L_0x600003e18320;  1 drivers
o0x140040070 .functor BUFZ 16, C4<zzzzzzzzzzzzzzzz>; HiZ drive
v0x600003d0e6d0_0 .net "o_div_quotient", 15 0, o0x140040070;  0 drivers
o0x1400400a0 .functor BUFZ 16, C4<zzzzzzzzzzzzzzzz>; HiZ drive
v0x600003d0e760_0 .net "o_div_remainder", 15 0, o0x1400400a0;  0 drivers
v0x600003d0e7f0_0 .var/i "randomSeed", 31 0;
S_0x13c634040 .scope module, "div" "lc4_divider" 2 62, 3 8 0, S_0x13c62edc0;
 .timescale -9 -12;
    .port_info 0 /INPUT 16 "i_dividend";
    .port_info 1 /INPUT 16 "i_divisor";
    .port_info 2 /OUTPUT 16 "o_remainder";
    .port_info 3 /OUTPUT 16 "o_quotient";
v0x600003d155f0_0 .net "i_dividend", 15 0, v0x600003d0e250_0;  1 drivers
v0x600003d15320_0 .net "i_divisor", 15 0, v0x600003d0e2e0_0;  1 drivers
v0x600003d15050_0 .net "o_quotient", 15 0, o0x140040070;  alias, 0 drivers
v0x600003d14d80_0 .net "o_remainder", 15 0, o0x1400400a0;  alias, 0 drivers
S_0x13c6341b0 .scope module, "divider_iter" "lc4_divider_one_iter" 2 65, 3 17 0, S_0x13c62edc0;
 .timescale -9 -12;
    .port_info 0 /INPUT 16 "i_dividend";
    .port_info 1 /INPUT 16 "i_divisor";
    .port_info 2 /INPUT 16 "i_remainder";
    .port_info 3 /INPUT 16 "i_quotient";
    .port_info 4 /OUTPUT 16 "o_dividend";
    .port_info 5 /OUTPUT 16 "o_remainder";
    .port_info 6 /OUTPUT 16 "o_quotient";
v0x600003d0ce10_0 .net *"_ivl_12", 16 0, L_0x600003e1e1c0;  1 drivers
L_0x1400780a0 .functor BUFT 1, C4<0>, C4<0>, C4<0>, C4<0>;
v0x600003d0cea0_0 .net *"_ivl_15", 0 0, L_0x1400780a0;  1 drivers
v0x600003d0cf30_0 .net *"_ivl_16", 16 0, L_0x600003e1e260;  1 drivers
L_0x1400780e8 .functor BUFT 1, C4<0>, C4<0>, C4<0>, C4<0>;
v0x600003d0cfc0_0 .net *"_ivl_19", 0 0, L_0x1400780e8;  1 drivers
v0x600003d0d050_0 .net *"_ivl_2", 14 0, L_0x600003e1c0a0;  1 drivers
v0x600003d0d0e0_0 .net/s *"_ivl_22", 31 0, L_0x600003e1e3a0;  1 drivers
L_0x140078130 .functor BUFT 1, C4<00000000000000000000000000000000>, C4<0>, C4<0>, C4<0>;
v0x600003d0d170_0 .net/2s *"_ivl_24", 31 0, L_0x140078130;  1 drivers
v0x600003d0d200_0 .net *"_ivl_32", 14 0, L_0x600003e18460;  1 drivers
L_0x140078178 .functor BUFT 1, C4<0>, C4<0>, C4<0>, C4<0>;
v0x600003d0d290_0 .net *"_ivl_34", 0 0, L_0x140078178;  1 drivers
L_0x1400781c0 .functor BUFT 1, C4<0000000000000001>, C4<0>, C4<0>, C4<0>;
v0x600003d0d320_0 .net/2u *"_ivl_36", 15 0, L_0x1400781c0;  1 drivers
L_0x140078010 .functor BUFT 1, C4<0>, C4<0>, C4<0>, C4<0>;
v0x600003d0d3b0_0 .net *"_ivl_4", 0 0, L_0x140078010;  1 drivers
v0x600003d0d440_0 .net *"_ivl_42", 14 0, L_0x600003e1a4e0;  1 drivers
L_0x140078208 .functor BUFT 1, C4<0>, C4<0>, C4<0>, C4<0>;
v0x600003d0d4d0_0 .net *"_ivl_44", 0 0, L_0x140078208;  1 drivers
L_0x140078058 .functor BUFT 1, C4<0000000000000001>, C4<0>, C4<0>, C4<0>;
v0x600003d0d560_0 .net/2u *"_ivl_6", 15 0, L_0x140078058;  1 drivers
v0x600003d0d5f0_0 .net "i_dividend", 15 0, v0x600003d0e250_0;  alias, 1 drivers
v0x600003d0d680_0 .net "i_divisor", 15 0, v0x600003d0e2e0_0;  alias, 1 drivers
v0x600003d0d710_0 .net "i_quotient", 15 0, v0x600003d0e370_0;  1 drivers
v0x600003d0d7a0_0 .net "i_remainder", 15 0, v0x600003d0e400_0;  1 drivers
v0x600003d0d830_0 .net "o_dividend", 15 0, L_0x600003e1a580;  alias, 1 drivers
v0x600003d0d8c0_0 .net "o_quotient", 15 0, L_0x600003e1a440;  alias, 1 drivers
v0x600003d0d950_0 .net "o_remainder", 15 0, L_0x600003e18320;  alias, 1 drivers
v0x600003d0d9e0_0 .net "quot_shifted", 15 0, L_0x600003e18500;  1 drivers
v0x600003d0da70_0 .net "quot_shifted_plus_1", 15 0, L_0x600003e185a0;  1 drivers
v0x600003d0db00_0 .net "rem_mux_out_1", 15 0, L_0x600003e1e080;  1 drivers
v0x600003d0db90_0 .net "rem_shifted", 15 0, L_0x600003e1c140;  1 drivers
v0x600003d0dc20_0 .net "rem_shifted_plus_1", 15 0, L_0x600003e1c1e0;  1 drivers
v0x600003d0dcb0_0 .net/s "rem_sub", 16 0, L_0x600003e1e300;  1 drivers
v0x600003d0dd40_0 .net "rem_sub_non_negative", 0 0, L_0x600003e1e440;  1 drivers
L_0x600003e1c0a0 .part v0x600003d0e400_0, 0, 15;
L_0x600003e1c140 .concat [ 1 15 0 0], L_0x140078010, L_0x600003e1c0a0;
L_0x600003e1c1e0 .arith/sum 16, L_0x600003e1c140, L_0x140078058;
L_0x600003e1e120 .part v0x600003d0e250_0, 15, 1;
L_0x600003e1e1c0 .concat [ 16 1 0 0], L_0x600003e1e080, L_0x1400780a0;
L_0x600003e1e260 .concat [ 16 1 0 0], v0x600003d0e2e0_0, L_0x1400780e8;
L_0x600003e1e300 .arith/sub 17, L_0x600003e1e1c0, L_0x600003e1e260;
L_0x600003e1e3a0 .extend/s 32, L_0x600003e1e300;
L_0x600003e1e440 .cmp/ge.s 32, L_0x600003e1e3a0, L_0x140078130;
L_0x600003e183c0 .part L_0x600003e1e300, 0, 16;
L_0x600003e18460 .part v0x600003d0e370_0, 0, 15;
L_0x600003e18500 .concat [ 1 15 0 0], L_0x140078178, L_0x600003e18460;
L_0x600003e185a0 .arith/sum 16, L_0x600003e18500, L_0x1400781c0;
L_0x600003e1a4e0 .part v0x600003d0e250_0, 0, 15;
L_0x600003e1a580 .concat [ 1 15 0 0], L_0x140078208, L_0x600003e1a4e0;
S_0x13c62a790 .scope module, "quot_mux" "mux2to1_16" 3 41, 4 11 0, S_0x13c6341b0;
 .timescale -9 -12;
    .port_info 0 /INPUT 1 "S";
    .port_info 1 /INPUT 16 "A";
    .port_info 2 /INPUT 16 "B";
    .port_info 3 /OUTPUT 16 "Out";
v0x600003d1eeb0_0 .net "A", 15 0, L_0x600003e18500;  alias, 1 drivers
v0x600003d1fcc0_0 .net "B", 15 0, L_0x600003e185a0;  alias, 1 drivers
v0x600003d10000_0 .net "Out", 15 0, L_0x600003e1a440;  alias, 1 drivers
v0x600003d10090_0 .net "S", 0 0, L_0x600003e1e440;  alias, 1 drivers
L_0x600003e186e0 .part L_0x600003e18500, 0, 1;
L_0x600003e18780 .part L_0x600003e185a0, 0, 1;
L_0x600003e188c0 .part L_0x600003e18500, 1, 1;
L_0x600003e18960 .part L_0x600003e185a0, 1, 1;
L_0x600003e18aa0 .part L_0x600003e18500, 2, 1;
L_0x600003e18b40 .part L_0x600003e185a0, 2, 1;
L_0x600003e18c80 .part L_0x600003e18500, 3, 1;
L_0x600003e18d20 .part L_0x600003e185a0, 3, 1;
L_0x600003e18e60 .part L_0x600003e18500, 4, 1;
L_0x600003e18f00 .part L_0x600003e185a0, 4, 1;
L_0x600003e19040 .part L_0x600003e18500, 5, 1;
L_0x600003e190e0 .part L_0x600003e185a0, 5, 1;
L_0x600003e19220 .part L_0x600003e18500, 6, 1;
L_0x600003e192c0 .part L_0x600003e185a0, 6, 1;
L_0x600003e19400 .part L_0x600003e18500, 7, 1;
L_0x600003e194a0 .part L_0x600003e185a0, 7, 1;
L_0x600003e195e0 .part L_0x600003e18500, 8, 1;
L_0x600003e19680 .part L_0x600003e185a0, 8, 1;
L_0x600003e197c0 .part L_0x600003e18500, 9, 1;
L_0x600003e19900 .part L_0x600003e185a0, 9, 1;
L_0x600003e19a40 .part L_0x600003e18500, 10, 1;
L_0x600003e19860 .part L_0x600003e185a0, 10, 1;
L_0x600003e19b80 .part L_0x600003e18500, 11, 1;
L_0x600003e19c20 .part L_0x600003e185a0, 11, 1;
L_0x600003e19d60 .part L_0x600003e18500, 12, 1;
L_0x600003e19e00 .part L_0x600003e185a0, 12, 1;
L_0x600003e19f40 .part L_0x600003e18500, 13, 1;
L_0x600003e19fe0 .part L_0x600003e185a0, 13, 1;
L_0x600003e1a120 .part L_0x600003e18500, 14, 1;
L_0x600003e1a1c0 .part L_0x600003e185a0, 14, 1;
L_0x600003e1a300 .part L_0x600003e18500, 15, 1;
L_0x600003e1a3a0 .part L_0x600003e185a0, 15, 1;
LS_0x600003e1a440_0_0 .concat8 [ 1 1 1 1], L_0x600003e18640, L_0x600003e18820, L_0x600003e18a00, L_0x600003e18be0;
LS_0x600003e1a440_0_4 .concat8 [ 1 1 1 1], L_0x600003e18dc0, L_0x600003e18fa0, L_0x600003e19180, L_0x600003e19360;
LS_0x600003e1a440_0_8 .concat8 [ 1 1 1 1], L_0x600003e19540, L_0x600003e19720, L_0x600003e199a0, L_0x600003e19ae0;
LS_0x600003e1a440_0_12 .concat8 [ 1 1 1 1], L_0x600003e19cc0, L_0x600003e19ea0, L_0x600003e1a080, L_0x600003e1a260;
L_0x600003e1a440 .concat8 [ 4 4 4 4], LS_0x600003e1a440_0_0, LS_0x600003e1a440_0_4, LS_0x600003e1a440_0_8, LS_0x600003e1a440_0_12;
S_0x13c62a900 .scope generate, "genblk1[0]" "genblk1[0]" 4 17, 4 17 0, S_0x13c62a790;
 .timescale -9 -12;
P_0x600001a15a80 .param/l "i" 0 4 17, +C4<00>;
S_0x13c62aa70 .scope module, "m" "mux2to1" 4 18, 4 4 0, S_0x13c62a900;
 .timescale -9 -12;
    .port_info 0 /INPUT 1 "S";
    .port_info 1 /INPUT 1 "A";
    .port_info 2 /INPUT 1 "B";
    .port_info 3 /OUTPUT 1 "Out";
v0x600003d14ab0_0 .net "A", 0 0, L_0x600003e186e0;  1 drivers
v0x600003d147e0_0 .net "B", 0 0, L_0x600003e18780;  1 drivers
v0x600003d14510_0 .net "Out", 0 0, L_0x600003e18640;  1 drivers
v0x600003d14240_0 .net "S", 0 0, L_0x600003e1e440;  alias, 1 drivers
L_0x600003e18640 .functor MUXZ 1, L_0x600003e186e0, L_0x600003e18780, L_0x600003e1e440, C4<>;
S_0x13c62abe0 .scope generate, "genblk1[1]" "genblk1[1]" 4 17, 4 17 0, S_0x13c62a790;
 .timescale -9 -12;
P_0x600001a15b00 .param/l "i" 0 4 17, +C4<01>;
S_0x13c62ad50 .scope module, "m" "mux2to1" 4 18, 4 4 0, S_0x13c62abe0;
 .timescale -9 -12;
    .port_info 0 /INPUT 1 "S";
    .port_info 1 /INPUT 1 "A";
    .port_info 2 /INPUT 1 "B";
    .port_info 3 /OUTPUT 1 "Out";
v0x600003d15f80_0 .net "A", 0 0, L_0x600003e188c0;  1 drivers
v0x600003d16010_0 .net "B", 0 0, L_0x600003e18960;  1 drivers
v0x600003d160a0_0 .net "Out", 0 0, L_0x600003e18820;  1 drivers
v0x600003d16130_0 .net "S", 0 0, L_0x600003e1e440;  alias, 1 drivers
L_0x600003e18820 .functor MUXZ 1, L_0x600003e188c0, L_0x600003e18960, L_0x600003e1e440, C4<>;
S_0x13c62aec0 .scope generate, "genblk1[2]" "genblk1[2]" 4 17, 4 17 0, S_0x13c62a790;
 .timescale -9 -12;
P_0x600001a15b80 .param/l "i" 0 4 17, +C4<010>;
S_0x13c62b030 .scope module, "m" "mux2to1" 4 18, 4 4 0, S_0x13c62aec0;
 .timescale -9 -12;
    .port_info 0 /INPUT 1 "S";
    .port_info 1 /INPUT 1 "A";
    .port_info 2 /INPUT 1 "B";
    .port_info 3 /OUTPUT 1 "Out";
v0x600003d161c0_0 .net "A", 0 0, L_0x600003e18aa0;  1 drivers
v0x600003d16250_0 .net "B", 0 0, L_0x600003e18b40;  1 drivers
v0x600003d162e0_0 .net "Out", 0 0, L_0x600003e18a00;  1 drivers
v0x600003d16370_0 .net "S", 0 0, L_0x600003e1e440;  alias, 1 drivers
L_0x600003e18a00 .functor MUXZ 1, L_0x600003e18aa0, L_0x600003e18b40, L_0x600003e1e440, C4<>;
S_0x13c62b1a0 .scope generate, "genblk1[3]" "genblk1[3]" 4 17, 4 17 0, S_0x13c62a790;
 .timescale -9 -12;
P_0x600001a15c40 .param/l "i" 0 4 17, +C4<011>;
S_0x13c62b310 .scope module, "m" "mux2to1" 4 18, 4 4 0, S_0x13c62b1a0;
 .timescale -9 -12;
    .port_info 0 /INPUT 1 "S";
    .port_info 1 /INPUT 1 "A";
    .port_info 2 /INPUT 1 "B";
    .port_info 3 /OUTPUT 1 "Out";
v0x600003d16400_0 .net "A", 0 0, L_0x600003e18c80;  1 drivers
v0x600003d16490_0 .net "B", 0 0, L_0x600003e18d20;  1 drivers
v0x600003d16520_0 .net "Out", 0 0, L_0x600003e18be0;  1 drivers
v0x600003d165b0_0 .net "S", 0 0, L_0x600003e1e440;  alias, 1 drivers
L_0x600003e18be0 .functor MUXZ 1, L_0x600003e18c80, L_0x600003e18d20, L_0x600003e1e440, C4<>;
S_0x13c62b480 .scope generate, "genblk1[4]" "genblk1[4]" 4 17, 4 17 0, S_0x13c62a790;
 .timescale -9 -12;
P_0x600001a15d00 .param/l "i" 0 4 17, +C4<0100>;
S_0x13c62b5f0 .scope module, "m" "mux2to1" 4 18, 4 4 0, S_0x13c62b480;
 .timescale -9 -12;
    .port_info 0 /INPUT 1 "S";
    .port_info 1 /INPUT 1 "A";
    .port_info 2 /INPUT 1 "B";
    .port_info 3 /OUTPUT 1 "Out";
v0x600003d16640_0 .net "A", 0 0, L_0x600003e18e60;  1 drivers
v0x600003d166d0_0 .net "B", 0 0, L_0x600003e18f00;  1 drivers
v0x600003d16760_0 .net "Out", 0 0, L_0x600003e18dc0;  1 drivers
v0x600003d167f0_0 .net "S", 0 0, L_0x600003e1e440;  alias, 1 drivers
L_0x600003e18dc0 .functor MUXZ 1, L_0x600003e18e60, L_0x600003e18f00, L_0x600003e1e440, C4<>;
S_0x13c62b760 .scope generate, "genblk1[5]" "genblk1[5]" 4 17, 4 17 0, S_0x13c62a790;
 .timescale -9 -12;
P_0x600001a15c00 .param/l "i" 0 4 17, +C4<0101>;
S_0x13c62b8d0 .scope module, "m" "mux2to1" 4 18, 4 4 0, S_0x13c62b760;
 .timescale -9 -12;
    .port_info 0 /INPUT 1 "S";
    .port_info 1 /INPUT 1 "A";
    .port_info 2 /INPUT 1 "B";
    .port_info 3 /OUTPUT 1 "Out";
v0x600003d16880_0 .net "A", 0 0, L_0x600003e19040;  1 drivers
v0x600003d16910_0 .net "B", 0 0, L_0x600003e190e0;  1 drivers
v0x600003d169a0_0 .net "Out", 0 0, L_0x600003e18fa0;  1 drivers
v0x600003d16a30_0 .net "S", 0 0, L_0x600003e1e440;  alias, 1 drivers
L_0x600003e18fa0 .functor MUXZ 1, L_0x600003e19040, L_0x600003e190e0, L_0x600003e1e440, C4<>;
S_0x13c62ba40 .scope generate, "genblk1[6]" "genblk1[6]" 4 17, 4 17 0, S_0x13c62a790;
 .timescale -9 -12;
P_0x600001a15dc0 .param/l "i" 0 4 17, +C4<0110>;
S_0x13c62bbb0 .scope module, "m" "mux2to1" 4 18, 4 4 0, S_0x13c62ba40;
 .timescale -9 -12;
    .port_info 0 /INPUT 1 "S";
    .port_info 1 /INPUT 1 "A";
    .port_info 2 /INPUT 1 "B";
    .port_info 3 /OUTPUT 1 "Out";
v0x600003d16ac0_0 .net "A", 0 0, L_0x600003e19220;  1 drivers
v0x600003d16b50_0 .net "B", 0 0, L_0x600003e192c0;  1 drivers
v0x600003d16be0_0 .net "Out", 0 0, L_0x600003e19180;  1 drivers
v0x600003d16c70_0 .net "S", 0 0, L_0x600003e1e440;  alias, 1 drivers
L_0x600003e19180 .functor MUXZ 1, L_0x600003e19220, L_0x600003e192c0, L_0x600003e1e440, C4<>;
S_0x13c62bd20 .scope generate, "genblk1[7]" "genblk1[7]" 4 17, 4 17 0, S_0x13c62a790;
 .timescale -9 -12;
P_0x600001a15e40 .param/l "i" 0 4 17, +C4<0111>;
S_0x13c62be90 .scope module, "m" "mux2to1" 4 18, 4 4 0, S_0x13c62bd20;
 .timescale -9 -12;
    .port_info 0 /INPUT 1 "S";
    .port_info 1 /INPUT 1 "A";
    .port_info 2 /INPUT 1 "B";
    .port_info 3 /OUTPUT 1 "Out";
v0x600003d16d00_0 .net "A", 0 0, L_0x600003e19400;  1 drivers
v0x600003d16d90_0 .net "B", 0 0, L_0x600003e194a0;  1 drivers
v0x600003d16e20_0 .net "Out", 0 0, L_0x600003e19360;  1 drivers
v0x600003d16eb0_0 .net "S", 0 0, L_0x600003e1e440;  alias, 1 drivers
L_0x600003e19360 .functor MUXZ 1, L_0x600003e19400, L_0x600003e194a0, L_0x600003e1e440, C4<>;
S_0x13c62c000 .scope generate, "genblk1[8]" "genblk1[8]" 4 17, 4 17 0, S_0x13c62a790;
 .timescale -9 -12;
P_0x600001a15cc0 .param/l "i" 0 4 17, +C4<01000>;
S_0x13c62c170 .scope module, "m" "mux2to1" 4 18, 4 4 0, S_0x13c62c000;
 .timescale -9 -12;
    .port_info 0 /INPUT 1 "S";
    .port_info 1 /INPUT 1 "A";
    .port_info 2 /INPUT 1 "B";
    .port_info 3 /OUTPUT 1 "Out";
v0x600003d16f40_0 .net "A", 0 0, L_0x600003e195e0;  1 drivers
v0x600003d16fd0_0 .net "B", 0 0, L_0x600003e19680;  1 drivers
v0x600003d17060_0 .net "Out", 0 0, L_0x600003e19540;  1 drivers
v0x600003d170f0_0 .net "S", 0 0, L_0x600003e1e440;  alias, 1 drivers
L_0x600003e19540 .functor MUXZ 1, L_0x600003e195e0, L_0x600003e19680, L_0x600003e1e440, C4<>;
S_0x13c62c2e0 .scope generate, "genblk1[9]" "genblk1[9]" 4 17, 4 17 0, S_0x13c62a790;
 .timescale -9 -12;
P_0x600001a15f00 .param/l "i" 0 4 17, +C4<01001>;
S_0x13c62c450 .scope module, "m" "mux2to1" 4 18, 4 4 0, S_0x13c62c2e0;
 .timescale -9 -12;
    .port_info 0 /INPUT 1 "S";
    .port_info 1 /INPUT 1 "A";
    .port_info 2 /INPUT 1 "B";
    .port_info 3 /OUTPUT 1 "Out";
v0x600003d17180_0 .net "A", 0 0, L_0x600003e197c0;  1 drivers
v0x600003d17210_0 .net "B", 0 0, L_0x600003e19900;  1 drivers
v0x600003d172a0_0 .net "Out", 0 0, L_0x600003e19720;  1 drivers
v0x600003d17330_0 .net "S", 0 0, L_0x600003e1e440;  alias, 1 drivers
L_0x600003e19720 .functor MUXZ 1, L_0x600003e197c0, L_0x600003e19900, L_0x600003e1e440, C4<>;
S_0x13c62c5c0 .scope generate, "genblk1[10]" "genblk1[10]" 4 17, 4 17 0, S_0x13c62a790;
 .timescale -9 -12;
P_0x600001a15f80 .param/l "i" 0 4 17, +C4<01010>;
S_0x13c62c730 .scope module, "m" "mux2to1" 4 18, 4 4 0, S_0x13c62c5c0;
 .timescale -9 -12;
    .port_info 0 /INPUT 1 "S";
    .port_info 1 /INPUT 1 "A";
    .port_info 2 /INPUT 1 "B";
    .port_info 3 /OUTPUT 1 "Out";
v0x600003d173c0_0 .net "A", 0 0, L_0x600003e19a40;  1 drivers
v0x600003d17450_0 .net "B", 0 0, L_0x600003e19860;  1 drivers
v0x600003d174e0_0 .net "Out", 0 0, L_0x600003e199a0;  1 drivers
v0x600003d17570_0 .net "S", 0 0, L_0x600003e1e440;  alias, 1 drivers
L_0x600003e199a0 .functor MUXZ 1, L_0x600003e19a40, L_0x600003e19860, L_0x600003e1e440, C4<>;
S_0x13c62c8a0 .scope generate, "genblk1[11]" "genblk1[11]" 4 17, 4 17 0, S_0x13c62a790;
 .timescale -9 -12;
P_0x600001a16000 .param/l "i" 0 4 17, +C4<01011>;
S_0x13c62ca10 .scope module, "m" "mux2to1" 4 18, 4 4 0, S_0x13c62c8a0;
 .timescale -9 -12;
    .port_info 0 /INPUT 1 "S";
    .port_info 1 /INPUT 1 "A";
    .port_info 2 /INPUT 1 "B";
    .port_info 3 /OUTPUT 1 "Out";
v0x600003d17600_0 .net "A", 0 0, L_0x600003e19b80;  1 drivers
v0x600003d17690_0 .net "B", 0 0, L_0x600003e19c20;  1 drivers
v0x600003d17720_0 .net "Out", 0 0, L_0x600003e19ae0;  1 drivers
v0x600003d177b0_0 .net "S", 0 0, L_0x600003e1e440;  alias, 1 drivers
L_0x600003e19ae0 .functor MUXZ 1, L_0x600003e19b80, L_0x600003e19c20, L_0x600003e1e440, C4<>;
S_0x13c62cb80 .scope generate, "genblk1[12]" "genblk1[12]" 4 17, 4 17 0, S_0x13c62a790;
 .timescale -9 -12;
P_0x600001a16080 .param/l "i" 0 4 17, +C4<01100>;
S_0x13c62ccf0 .scope module, "m" "mux2to1" 4 18, 4 4 0, S_0x13c62cb80;
 .timescale -9 -12;
    .port_info 0 /INPUT 1 "S";
    .port_info 1 /INPUT 1 "A";
    .port_info 2 /INPUT 1 "B";
    .port_info 3 /OUTPUT 1 "Out";
v0x600003d17840_0 .net "A", 0 0, L_0x600003e19d60;  1 drivers
v0x600003d178d0_0 .net "B", 0 0, L_0x600003e19e00;  1 drivers
v0x600003d17960_0 .net "Out", 0 0, L_0x600003e19cc0;  1 drivers
v0x600003d179f0_0 .net "S", 0 0, L_0x600003e1e440;  alias, 1 drivers
L_0x600003e19cc0 .functor MUXZ 1, L_0x600003e19d60, L_0x600003e19e00, L_0x600003e1e440, C4<>;
S_0x13c62ce60 .scope generate, "genblk1[13]" "genblk1[13]" 4 17, 4 17 0, S_0x13c62a790;
 .timescale -9 -12;
P_0x600001a16100 .param/l "i" 0 4 17, +C4<01101>;
S_0x13c62cfd0 .scope module, "m" "mux2to1" 4 18, 4 4 0, S_0x13c62ce60;
 .timescale -9 -12;
    .port_info 0 /INPUT 1 "S";
    .port_info 1 /INPUT 1 "A";
    .port_info 2 /INPUT 1 "B";
    .port_info 3 /OUTPUT 1 "Out";
v0x600003d17a80_0 .net "A", 0 0, L_0x600003e19f40;  1 drivers
v0x600003d17b10_0 .net "B", 0 0, L_0x600003e19fe0;  1 drivers
v0x600003d17ba0_0 .net "Out", 0 0, L_0x600003e19ea0;  1 drivers
v0x600003d17c30_0 .net "S", 0 0, L_0x600003e1e440;  alias, 1 drivers
L_0x600003e19ea0 .functor MUXZ 1, L_0x600003e19f40, L_0x600003e19fe0, L_0x600003e1e440, C4<>;
S_0x13c62d140 .scope generate, "genblk1[14]" "genblk1[14]" 4 17, 4 17 0, S_0x13c62a790;
 .timescale -9 -12;
P_0x600001a16180 .param/l "i" 0 4 17, +C4<01110>;
S_0x13c62d2b0 .scope module, "m" "mux2to1" 4 18, 4 4 0, S_0x13c62d140;
 .timescale -9 -12;
    .port_info 0 /INPUT 1 "S";
    .port_info 1 /INPUT 1 "A";
    .port_info 2 /INPUT 1 "B";
    .port_info 3 /OUTPUT 1 "Out";
v0x600003d17cc0_0 .net "A", 0 0, L_0x600003e1a120;  1 drivers
v0x600003d17d50_0 .net "B", 0 0, L_0x600003e1a1c0;  1 drivers
v0x600003d17de0_0 .net "Out", 0 0, L_0x600003e1a080;  1 drivers
v0x600003d17e70_0 .net "S", 0 0, L_0x600003e1e440;  alias, 1 drivers
L_0x600003e1a080 .functor MUXZ 1, L_0x600003e1a120, L_0x600003e1a1c0, L_0x600003e1e440, C4<>;
S_0x13c62d420 .scope generate, "genblk1[15]" "genblk1[15]" 4 17, 4 17 0, S_0x13c62a790;
 .timescale -9 -12;
P_0x600001a16200 .param/l "i" 0 4 17, +C4<01111>;
S_0x13c62d590 .scope module, "m" "mux2to1" 4 18, 4 4 0, S_0x13c62d420;
 .timescale -9 -12;
    .port_info 0 /INPUT 1 "S";
    .port_info 1 /INPUT 1 "A";
    .port_info 2 /INPUT 1 "B";
    .port_info 3 /OUTPUT 1 "Out";
v0x600003d17f00_0 .net "A", 0 0, L_0x600003e1a300;  1 drivers
v0x600003d1bcc0_0 .net "B", 0 0, L_0x600003e1a3a0;  1 drivers
v0x600003d19cb0_0 .net "Out", 0 0, L_0x600003e1a260;  1 drivers
v0x600003d1e0a0_0 .net "S", 0 0, L_0x600003e1e440;  alias, 1 drivers
L_0x600003e1a260 .functor MUXZ 1, L_0x600003e1a300, L_0x600003e1a3a0, L_0x600003e1e440, C4<>;
S_0x13c62d900 .scope module, "rem_mux_1" "mux2to1_16" 3 30, 4 11 0, S_0x13c6341b0;
 .timescale -9 -12;
    .port_info 0 /INPUT 1 "S";
    .port_info 1 /INPUT 16 "A";
    .port_info 2 /INPUT 16 "B";
    .port_info 3 /OUTPUT 16 "Out";
v0x600003d12520_0 .net "A", 15 0, L_0x600003e1c140;  alias, 1 drivers
v0x600003d125b0_0 .net "B", 15 0, L_0x600003e1c1e0;  alias, 1 drivers
v0x600003d12640_0 .net "Out", 15 0, L_0x600003e1e080;  alias, 1 drivers
v0x600003d126d0_0 .net "S", 0 0, L_0x600003e1e120;  1 drivers
L_0x600003e1c320 .part L_0x600003e1c140, 0, 1;
L_0x600003e1c3c0 .part L_0x600003e1c1e0, 0, 1;
L_0x600003e1c500 .part L_0x600003e1c140, 1, 1;
L_0x600003e1c5a0 .part L_0x600003e1c1e0, 1, 1;
L_0x600003e1c6e0 .part L_0x600003e1c140, 2, 1;
L_0x600003e1c780 .part L_0x600003e1c1e0, 2, 1;
L_0x600003e1c8c0 .part L_0x600003e1c140, 3, 1;
L_0x600003e1c960 .part L_0x600003e1c1e0, 3, 1;
L_0x600003e1caa0 .part L_0x600003e1c140, 4, 1;
L_0x600003e1cb40 .part L_0x600003e1c1e0, 4, 1;
L_0x600003e1cc80 .part L_0x600003e1c140, 5, 1;
L_0x600003e1cd20 .part L_0x600003e1c1e0, 5, 1;
L_0x600003e1ce60 .part L_0x600003e1c140, 6, 1;
L_0x600003e1cf00 .part L_0x600003e1c1e0, 6, 1;
L_0x600003e1d040 .part L_0x600003e1c140, 7, 1;
L_0x600003e1d0e0 .part L_0x600003e1c1e0, 7, 1;
L_0x600003e1d220 .part L_0x600003e1c140, 8, 1;
L_0x600003e1d2c0 .part L_0x600003e1c1e0, 8, 1;
L_0x600003e1d400 .part L_0x600003e1c140, 9, 1;
L_0x600003e1d540 .part L_0x600003e1c1e0, 9, 1;
L_0x600003e1d680 .part L_0x600003e1c140, 10, 1;
L_0x600003e1d4a0 .part L_0x600003e1c1e0, 10, 1;
L_0x600003e1d7c0 .part L_0x600003e1c140, 11, 1;
L_0x600003e1d860 .part L_0x600003e1c1e0, 11, 1;
L_0x600003e1d9a0 .part L_0x600003e1c140, 12, 1;
L_0x600003e1da40 .part L_0x600003e1c1e0, 12, 1;
L_0x600003e1db80 .part L_0x600003e1c140, 13, 1;
L_0x600003e1dc20 .part L_0x600003e1c1e0, 13, 1;
L_0x600003e1dd60 .part L_0x600003e1c140, 14, 1;
L_0x600003e1de00 .part L_0x600003e1c1e0, 14, 1;
L_0x600003e1df40 .part L_0x600003e1c140, 15, 1;
L_0x600003e1dfe0 .part L_0x600003e1c1e0, 15, 1;
LS_0x600003e1e080_0_0 .concat8 [ 1 1 1 1], L_0x600003e1c280, L_0x600003e1c460, L_0x600003e1c640, L_0x600003e1c820;
LS_0x600003e1e080_0_4 .concat8 [ 1 1 1 1], L_0x600003e1ca00, L_0x600003e1cbe0, L_0x600003e1cdc0, L_0x600003e1cfa0;
LS_0x600003e1e080_0_8 .concat8 [ 1 1 1 1], L_0x600003e1d180, L_0x600003e1d360, L_0x600003e1d5e0, L_0x600003e1d720;
LS_0x600003e1e080_0_12 .concat8 [ 1 1 1 1], L_0x600003e1d900, L_0x600003e1dae0, L_0x600003e1dcc0, L_0x600003e1dea0;
L_0x600003e1e080 .concat8 [ 4 4 4 4], LS_0x600003e1e080_0_0, LS_0x600003e1e080_0_4, LS_0x600003e1e080_0_8, LS_0x600003e1e080_0_12;
S_0x13c62da70 .scope generate, "genblk1[0]" "genblk1[0]" 4 17, 4 17 0, S_0x13c62d900;
 .timescale -9 -12;
P_0x600001a16280 .param/l "i" 0 4 17, +C4<00>;
S_0x13c62dbe0 .scope module, "m" "mux2to1" 4 18, 4 4 0, S_0x13c62da70;
 .timescale -9 -12;
    .port_info 0 /INPUT 1 "S";
    .port_info 1 /INPUT 1 "A";
    .port_info 2 /INPUT 1 "B";
    .port_info 3 /OUTPUT 1 "Out";
v0x600003d10120_0 .net "A", 0 0, L_0x600003e1c320;  1 drivers
v0x600003d101b0_0 .net "B", 0 0, L_0x600003e1c3c0;  1 drivers
v0x600003d10240_0 .net "Out", 0 0, L_0x600003e1c280;  1 drivers
v0x600003d102d0_0 .net "S", 0 0, L_0x600003e1e120;  alias, 1 drivers
L_0x600003e1c280 .functor MUXZ 1, L_0x600003e1c320, L_0x600003e1c3c0, L_0x600003e1e120, C4<>;
S_0x13c62dd50 .scope generate, "genblk1[1]" "genblk1[1]" 4 17, 4 17 0, S_0x13c62d900;
 .timescale -9 -12;
P_0x600001a16300 .param/l "i" 0 4 17, +C4<01>;
S_0x13c62dec0 .scope module, "m" "mux2to1" 4 18, 4 4 0, S_0x13c62dd50;
 .timescale -9 -12;
    .port_info 0 /INPUT 1 "S";
    .port_info 1 /INPUT 1 "A";
    .port_info 2 /INPUT 1 "B";
    .port_info 3 /OUTPUT 1 "Out";
v0x600003d10360_0 .net "A", 0 0, L_0x600003e1c500;  1 drivers
v0x600003d103f0_0 .net "B", 0 0, L_0x600003e1c5a0;  1 drivers
v0x600003d10480_0 .net "Out", 0 0, L_0x600003e1c460;  1 drivers
v0x600003d10510_0 .net "S", 0 0, L_0x600003e1e120;  alias, 1 drivers
L_0x600003e1c460 .functor MUXZ 1, L_0x600003e1c500, L_0x600003e1c5a0, L_0x600003e1e120, C4<>;
S_0x13c62e030 .scope generate, "genblk1[2]" "genblk1[2]" 4 17, 4 17 0, S_0x13c62d900;
 .timescale -9 -12;
P_0x600001a16380 .param/l "i" 0 4 17, +C4<010>;
S_0x13c62e1a0 .scope module, "m" "mux2to1" 4 18, 4 4 0, S_0x13c62e030;
 .timescale -9 -12;
    .port_info 0 /INPUT 1 "S";
    .port_info 1 /INPUT 1 "A";
    .port_info 2 /INPUT 1 "B";
    .port_info 3 /OUTPUT 1 "Out";
v0x600003d105a0_0 .net "A", 0 0, L_0x600003e1c6e0;  1 drivers
v0x600003d10630_0 .net "B", 0 0, L_0x600003e1c780;  1 drivers
v0x600003d106c0_0 .net "Out", 0 0, L_0x600003e1c640;  1 drivers
v0x600003d10750_0 .net "S", 0 0, L_0x600003e1e120;  alias, 1 drivers
L_0x600003e1c640 .functor MUXZ 1, L_0x600003e1c6e0, L_0x600003e1c780, L_0x600003e1e120, C4<>;
S_0x13c62e310 .scope generate, "genblk1[3]" "genblk1[3]" 4 17, 4 17 0, S_0x13c62d900;
 .timescale -9 -12;
P_0x600001a16440 .param/l "i" 0 4 17, +C4<011>;
S_0x13c62e480 .scope module, "m" "mux2to1" 4 18, 4 4 0, S_0x13c62e310;
 .timescale -9 -12;
    .port_info 0 /INPUT 1 "S";
    .port_info 1 /INPUT 1 "A";
    .port_info 2 /INPUT 1 "B";
    .port_info 3 /OUTPUT 1 "Out";
v0x600003d107e0_0 .net "A", 0 0, L_0x600003e1c8c0;  1 drivers
v0x600003d10870_0 .net "B", 0 0, L_0x600003e1c960;  1 drivers
v0x600003d10900_0 .net "Out", 0 0, L_0x600003e1c820;  1 drivers
v0x600003d10990_0 .net "S", 0 0, L_0x600003e1e120;  alias, 1 drivers
L_0x600003e1c820 .functor MUXZ 1, L_0x600003e1c8c0, L_0x600003e1c960, L_0x600003e1e120, C4<>;
S_0x13c62e5f0 .scope generate, "genblk1[4]" "genblk1[4]" 4 17, 4 17 0, S_0x13c62d900;
 .timescale -9 -12;
P_0x600001a16500 .param/l "i" 0 4 17, +C4<0100>;
S_0x13c62e760 .scope module, "m" "mux2to1" 4 18, 4 4 0, S_0x13c62e5f0;
 .timescale -9 -12;
    .port_info 0 /INPUT 1 "S";
    .port_info 1 /INPUT 1 "A";
    .port_info 2 /INPUT 1 "B";
    .port_info 3 /OUTPUT 1 "Out";
v0x600003d10a20_0 .net "A", 0 0, L_0x600003e1caa0;  1 drivers
v0x600003d10ab0_0 .net "B", 0 0, L_0x600003e1cb40;  1 drivers
v0x600003d10b40_0 .net "Out", 0 0, L_0x600003e1ca00;  1 drivers
v0x600003d10bd0_0 .net "S", 0 0, L_0x600003e1e120;  alias, 1 drivers
L_0x600003e1ca00 .functor MUXZ 1, L_0x600003e1caa0, L_0x600003e1cb40, L_0x600003e1e120, C4<>;
S_0x13c62e8d0 .scope generate, "genblk1[5]" "genblk1[5]" 4 17, 4 17 0, S_0x13c62d900;
 .timescale -9 -12;
P_0x600001a16400 .param/l "i" 0 4 17, +C4<0101>;
S_0x13c6255b0 .scope module, "m" "mux2to1" 4 18, 4 4 0, S_0x13c62e8d0;
 .timescale -9 -12;
    .port_info 0 /INPUT 1 "S";
    .port_info 1 /INPUT 1 "A";
    .port_info 2 /INPUT 1 "B";
    .port_info 3 /OUTPUT 1 "Out";
v0x600003d10c60_0 .net "A", 0 0, L_0x600003e1cc80;  1 drivers
v0x600003d10cf0_0 .net "B", 0 0, L_0x600003e1cd20;  1 drivers
v0x600003d10d80_0 .net "Out", 0 0, L_0x600003e1cbe0;  1 drivers
v0x600003d10e10_0 .net "S", 0 0, L_0x600003e1e120;  alias, 1 drivers
L_0x600003e1cbe0 .functor MUXZ 1, L_0x600003e1cc80, L_0x600003e1cd20, L_0x600003e1e120, C4<>;
S_0x13c625720 .scope generate, "genblk1[6]" "genblk1[6]" 4 17, 4 17 0, S_0x13c62d900;
 .timescale -9 -12;
P_0x600001a165c0 .param/l "i" 0 4 17, +C4<0110>;
S_0x13c625890 .scope module, "m" "mux2to1" 4 18, 4 4 0, S_0x13c625720;
 .timescale -9 -12;
    .port_info 0 /INPUT 1 "S";
    .port_info 1 /INPUT 1 "A";
    .port_info 2 /INPUT 1 "B";
    .port_info 3 /OUTPUT 1 "Out";
v0x600003d10ea0_0 .net "A", 0 0, L_0x600003e1ce60;  1 drivers
v0x600003d10f30_0 .net "B", 0 0, L_0x600003e1cf00;  1 drivers
v0x600003d10fc0_0 .net "Out", 0 0, L_0x600003e1cdc0;  1 drivers
v0x600003d11050_0 .net "S", 0 0, L_0x600003e1e120;  alias, 1 drivers
L_0x600003e1cdc0 .functor MUXZ 1, L_0x600003e1ce60, L_0x600003e1cf00, L_0x600003e1e120, C4<>;
S_0x13c625a00 .scope generate, "genblk1[7]" "genblk1[7]" 4 17, 4 17 0, S_0x13c62d900;
 .timescale -9 -12;
P_0x600001a16640 .param/l "i" 0 4 17, +C4<0111>;
S_0x13c625b70 .scope module, "m" "mux2to1" 4 18, 4 4 0, S_0x13c625a00;
 .timescale -9 -12;
    .port_info 0 /INPUT 1 "S";
    .port_info 1 /INPUT 1 "A";
    .port_info 2 /INPUT 1 "B";
    .port_info 3 /OUTPUT 1 "Out";
v0x600003d110e0_0 .net "A", 0 0, L_0x600003e1d040;  1 drivers
v0x600003d11170_0 .net "B", 0 0, L_0x600003e1d0e0;  1 drivers
v0x600003d11200_0 .net "Out", 0 0, L_0x600003e1cfa0;  1 drivers
v0x600003d11290_0 .net "S", 0 0, L_0x600003e1e120;  alias, 1 drivers
L_0x600003e1cfa0 .functor MUXZ 1, L_0x600003e1d040, L_0x600003e1d0e0, L_0x600003e1e120, C4<>;
S_0x13c625ce0 .scope generate, "genblk1[8]" "genblk1[8]" 4 17, 4 17 0, S_0x13c62d900;
 .timescale -9 -12;
P_0x600001a164c0 .param/l "i" 0 4 17, +C4<01000>;
S_0x13c625e50 .scope module, "m" "mux2to1" 4 18, 4 4 0, S_0x13c625ce0;
 .timescale -9 -12;
    .port_info 0 /INPUT 1 "S";
    .port_info 1 /INPUT 1 "A";
    .port_info 2 /INPUT 1 "B";
    .port_info 3 /OUTPUT 1 "Out";
v0x600003d11320_0 .net "A", 0 0, L_0x600003e1d220;  1 drivers
v0x600003d113b0_0 .net "B", 0 0, L_0x600003e1d2c0;  1 drivers
v0x600003d11440_0 .net "Out", 0 0, L_0x600003e1d180;  1 drivers
v0x600003d114d0_0 .net "S", 0 0, L_0x600003e1e120;  alias, 1 drivers
L_0x600003e1d180 .functor MUXZ 1, L_0x600003e1d220, L_0x600003e1d2c0, L_0x600003e1e120, C4<>;
S_0x13c625fc0 .scope generate, "genblk1[9]" "genblk1[9]" 4 17, 4 17 0, S_0x13c62d900;
 .timescale -9 -12;
P_0x600001a16700 .param/l "i" 0 4 17, +C4<01001>;
S_0x13c626130 .scope module, "m" "mux2to1" 4 18, 4 4 0, S_0x13c625fc0;
 .timescale -9 -12;
    .port_info 0 /INPUT 1 "S";
    .port_info 1 /INPUT 1 "A";
    .port_info 2 /INPUT 1 "B";
    .port_info 3 /OUTPUT 1 "Out";
v0x600003d11560_0 .net "A", 0 0, L_0x600003e1d400;  1 drivers
v0x600003d115f0_0 .net "B", 0 0, L_0x600003e1d540;  1 drivers
v0x600003d11680_0 .net "Out", 0 0, L_0x600003e1d360;  1 drivers
v0x600003d11710_0 .net "S", 0 0, L_0x600003e1e120;  alias, 1 drivers
L_0x600003e1d360 .functor MUXZ 1, L_0x600003e1d400, L_0x600003e1d540, L_0x600003e1e120, C4<>;
S_0x13c6262a0 .scope generate, "genblk1[10]" "genblk1[10]" 4 17, 4 17 0, S_0x13c62d900;
 .timescale -9 -12;
P_0x600001a16780 .param/l "i" 0 4 17, +C4<01010>;
S_0x13c626410 .scope module, "m" "mux2to1" 4 18, 4 4 0, S_0x13c6262a0;
 .timescale -9 -12;
    .port_info 0 /INPUT 1 "S";
    .port_info 1 /INPUT 1 "A";
    .port_info 2 /INPUT 1 "B";
    .port_info 3 /OUTPUT 1 "Out";
v0x600003d117a0_0 .net "A", 0 0, L_0x600003e1d680;  1 drivers
v0x600003d11830_0 .net "B", 0 0, L_0x600003e1d4a0;  1 drivers
v0x600003d118c0_0 .net "Out", 0 0, L_0x600003e1d5e0;  1 drivers
v0x600003d11950_0 .net "S", 0 0, L_0x600003e1e120;  alias, 1 drivers
L_0x600003e1d5e0 .functor MUXZ 1, L_0x600003e1d680, L_0x600003e1d4a0, L_0x600003e1e120, C4<>;
S_0x13c626580 .scope generate, "genblk1[11]" "genblk1[11]" 4 17, 4 17 0, S_0x13c62d900;
 .timescale -9 -12;
P_0x600001a16800 .param/l "i" 0 4 17, +C4<01011>;
S_0x13c6266f0 .scope module, "m" "mux2to1" 4 18, 4 4 0, S_0x13c626580;
 .timescale -9 -12;
    .port_info 0 /INPUT 1 "S";
    .port_info 1 /INPUT 1 "A";
    .port_info 2 /INPUT 1 "B";
    .port_info 3 /OUTPUT 1 "Out";
v0x600003d119e0_0 .net "A", 0 0, L_0x600003e1d7c0;  1 drivers
v0x600003d11a70_0 .net "B", 0 0, L_0x600003e1d860;  1 drivers
v0x600003d11b00_0 .net "Out", 0 0, L_0x600003e1d720;  1 drivers
v0x600003d11b90_0 .net "S", 0 0, L_0x600003e1e120;  alias, 1 drivers
L_0x600003e1d720 .functor MUXZ 1, L_0x600003e1d7c0, L_0x600003e1d860, L_0x600003e1e120, C4<>;
S_0x13c626860 .scope generate, "genblk1[12]" "genblk1[12]" 4 17, 4 17 0, S_0x13c62d900;
 .timescale -9 -12;
P_0x600001a16880 .param/l "i" 0 4 17, +C4<01100>;
S_0x13c6269d0 .scope module, "m" "mux2to1" 4 18, 4 4 0, S_0x13c626860;
 .timescale -9 -12;
    .port_info 0 /INPUT 1 "S";
    .port_info 1 /INPUT 1 "A";
    .port_info 2 /INPUT 1 "B";
    .port_info 3 /OUTPUT 1 "Out";
v0x600003d11c20_0 .net "A", 0 0, L_0x600003e1d9a0;  1 drivers
v0x600003d11cb0_0 .net "B", 0 0, L_0x600003e1da40;  1 drivers
v0x600003d11d40_0 .net "Out", 0 0, L_0x600003e1d900;  1 drivers
v0x600003d11dd0_0 .net "S", 0 0, L_0x600003e1e120;  alias, 1 drivers
L_0x600003e1d900 .functor MUXZ 1, L_0x600003e1d9a0, L_0x600003e1da40, L_0x600003e1e120, C4<>;
S_0x13c626b40 .scope generate, "genblk1[13]" "genblk1[13]" 4 17, 4 17 0, S_0x13c62d900;
 .timescale -9 -12;
P_0x600001a16900 .param/l "i" 0 4 17, +C4<01101>;
S_0x13c626cb0 .scope module, "m" "mux2to1" 4 18, 4 4 0, S_0x13c626b40;
 .timescale -9 -12;
    .port_info 0 /INPUT 1 "S";
    .port_info 1 /INPUT 1 "A";
    .port_info 2 /INPUT 1 "B";
    .port_info 3 /OUTPUT 1 "Out";
v0x600003d11e60_0 .net "A", 0 0, L_0x600003e1db80;  1 drivers
v0x600003d11ef0_0 .net "B", 0 0, L_0x600003e1dc20;  1 drivers
v0x600003d11f80_0 .net "Out", 0 0, L_0x600003e1dae0;  1 drivers
v0x600003d12010_0 .net "S", 0 0, L_0x600003e1e120;  alias, 1 drivers
L_0x600003e1dae0 .functor MUXZ 1, L_0x600003e1db80, L_0x600003e1dc20, L_0x600003e1e120, C4<>;
S_0x13c626e20 .scope generate, "genblk1[14]" "genblk1[14]" 4 17, 4 17 0, S_0x13c62d900;
 .timescale -9 -12;
P_0x600001a16980 .param/l "i" 0 4 17, +C4<01110>;
S_0x13c626f90 .scope module, "m" "mux2to1" 4 18, 4 4 0, S_0x13c626e20;
 .timescale -9 -12;
    .port_info 0 /INPUT 1 "S";
    .port_info 1 /INPUT 1 "A";
    .port_info 2 /INPUT 1 "B";
    .port_info 3 /OUTPUT 1 "Out";
v0x600003d120a0_0 .net "A", 0 0, L_0x600003e1dd60;  1 drivers
v0x600003d12130_0 .net "B", 0 0, L_0x600003e1de00;  1 drivers
v0x600003d121c0_0 .net "Out", 0 0, L_0x600003e1dcc0;  1 drivers
v0x600003d12250_0 .net "S", 0 0, L_0x600003e1e120;  alias, 1 drivers
L_0x600003e1dcc0 .functor MUXZ 1, L_0x600003e1dd60, L_0x600003e1de00, L_0x600003e1e120, C4<>;
S_0x13c627100 .scope generate, "genblk1[15]" "genblk1[15]" 4 17, 4 17 0, S_0x13c62d900;
 .timescale -9 -12;
P_0x600001a16a00 .param/l "i" 0 4 17, +C4<01111>;
S_0x13c627270 .scope module, "m" "mux2to1" 4 18, 4 4 0, S_0x13c627100;
 .timescale -9 -12;
    .port_info 0 /INPUT 1 "S";
    .port_info 1 /INPUT 1 "A";
    .port_info 2 /INPUT 1 "B";
    .port_info 3 /OUTPUT 1 "Out";
v0x600003d122e0_0 .net "A", 0 0, L_0x600003e1df40;  1 drivers
v0x600003d12370_0 .net "B", 0 0, L_0x600003e1dfe0;  1 drivers
v0x600003d12400_0 .net "Out", 0 0, L_0x600003e1dea0;  1 drivers
v0x600003d12490_0 .net "S", 0 0, L_0x600003e1e120;  alias, 1 drivers
L_0x600003e1dea0 .functor MUXZ 1, L_0x600003e1df40, L_0x600003e1dfe0, L_0x600003e1e120, C4<>;
S_0x13c6275e0 .scope module, "rem_mux_2" "mux2to1_16" 3 35, 4 11 0, S_0x13c6341b0;
 .timescale -9 -12;
    .port_info 0 /INPUT 1 "S";
    .port_info 1 /INPUT 16 "A";
    .port_info 2 /INPUT 16 "B";
    .port_info 3 /OUTPUT 16 "Out";
v0x600003d0cbd0_0 .net "A", 15 0, L_0x600003e1e080;  alias, 1 drivers
v0x600003d0cc60_0 .net "B", 15 0, L_0x600003e183c0;  1 drivers
v0x600003d0ccf0_0 .net "Out", 15 0, L_0x600003e18320;  alias, 1 drivers
v0x600003d0cd80_0 .net "S", 0 0, L_0x600003e1e440;  alias, 1 drivers
L_0x600003e1e580 .part L_0x600003e1e080, 0, 1;
L_0x600003e1e620 .part L_0x600003e183c0, 0, 1;
L_0x600003e1e760 .part L_0x600003e1e080, 1, 1;
L_0x600003e1e800 .part L_0x600003e183c0, 1, 1;
L_0x600003e1e940 .part L_0x600003e1e080, 2, 1;
L_0x600003e1e9e0 .part L_0x600003e183c0, 2, 1;
L_0x600003e1eb20 .part L_0x600003e1e080, 3, 1;
L_0x600003e1ebc0 .part L_0x600003e183c0, 3, 1;
L_0x600003e1ed00 .part L_0x600003e1e080, 4, 1;
L_0x600003e1eda0 .part L_0x600003e183c0, 4, 1;
L_0x600003e1eee0 .part L_0x600003e1e080, 5, 1;
L_0x600003e1ef80 .part L_0x600003e183c0, 5, 1;
L_0x600003e1f0c0 .part L_0x600003e1e080, 6, 1;
L_0x600003e1f160 .part L_0x600003e183c0, 6, 1;
L_0x600003e1f2a0 .part L_0x600003e1e080, 7, 1;
L_0x600003e1f340 .part L_0x600003e183c0, 7, 1;
L_0x600003e1f480 .part L_0x600003e1e080, 8, 1;
L_0x600003e1f520 .part L_0x600003e183c0, 8, 1;
L_0x600003e1f660 .part L_0x600003e1e080, 9, 1;
L_0x600003e1f7a0 .part L_0x600003e183c0, 9, 1;
L_0x600003e1f8e0 .part L_0x600003e1e080, 10, 1;
L_0x600003e1f700 .part L_0x600003e183c0, 10, 1;
L_0x600003e1fa20 .part L_0x600003e1e080, 11, 1;
L_0x600003e1fac0 .part L_0x600003e183c0, 11, 1;
L_0x600003e1fc00 .part L_0x600003e1e080, 12, 1;
L_0x600003e1fca0 .part L_0x600003e183c0, 12, 1;
L_0x600003e1fde0 .part L_0x600003e1e080, 13, 1;
L_0x600003e1fe80 .part L_0x600003e183c0, 13, 1;
L_0x600003e18000 .part L_0x600003e1e080, 14, 1;
L_0x600003e180a0 .part L_0x600003e183c0, 14, 1;
L_0x600003e181e0 .part L_0x600003e1e080, 15, 1;
L_0x600003e18280 .part L_0x600003e183c0, 15, 1;
LS_0x600003e18320_0_0 .concat8 [ 1 1 1 1], L_0x600003e1e4e0, L_0x600003e1e6c0, L_0x600003e1e8a0, L_0x600003e1ea80;
LS_0x600003e18320_0_4 .concat8 [ 1 1 1 1], L_0x600003e1ec60, L_0x600003e1ee40, L_0x600003e1f020, L_0x600003e1f200;
LS_0x600003e18320_0_8 .concat8 [ 1 1 1 1], L_0x600003e1f3e0, L_0x600003e1f5c0, L_0x600003e1f840, L_0x600003e1f980;
LS_0x600003e18320_0_12 .concat8 [ 1 1 1 1], L_0x600003e1fb60, L_0x600003e1fd40, L_0x600003e1ff20, L_0x600003e18140;
L_0x600003e18320 .concat8 [ 4 4 4 4], LS_0x600003e18320_0_0, LS_0x600003e18320_0_4, LS_0x600003e18320_0_8, LS_0x600003e18320_0_12;
S_0x13c627750 .scope generate, "genblk1[0]" "genblk1[0]" 4 17, 4 17 0, S_0x13c6275e0;
 .timescale -9 -12;
P_0x600001a16a80 .param/l "i" 0 4 17, +C4<00>;
S_0x13c6278c0 .scope module, "m" "mux2to1" 4 18, 4 4 0, S_0x13c627750;
 .timescale -9 -12;
    .port_info 0 /INPUT 1 "S";
    .port_info 1 /INPUT 1 "A";
    .port_info 2 /INPUT 1 "B";
    .port_info 3 /OUTPUT 1 "Out";
v0x600003d12760_0 .net "A", 0 0, L_0x600003e1e580;  1 drivers
v0x600003d127f0_0 .net "B", 0 0, L_0x600003e1e620;  1 drivers
v0x600003d12880_0 .net "Out", 0 0, L_0x600003e1e4e0;  1 drivers
v0x600003d12910_0 .net "S", 0 0, L_0x600003e1e440;  alias, 1 drivers
L_0x600003e1e4e0 .functor MUXZ 1, L_0x600003e1e580, L_0x600003e1e620, L_0x600003e1e440, C4<>;
S_0x13c627a30 .scope generate, "genblk1[1]" "genblk1[1]" 4 17, 4 17 0, S_0x13c6275e0;
 .timescale -9 -12;
P_0x600001a16b00 .param/l "i" 0 4 17, +C4<01>;
S_0x13c627ba0 .scope module, "m" "mux2to1" 4 18, 4 4 0, S_0x13c627a30;
 .timescale -9 -12;
    .port_info 0 /INPUT 1 "S";
    .port_info 1 /INPUT 1 "A";
    .port_info 2 /INPUT 1 "B";
    .port_info 3 /OUTPUT 1 "Out";
v0x600003d129a0_0 .net "A", 0 0, L_0x600003e1e760;  1 drivers
v0x600003d12a30_0 .net "B", 0 0, L_0x600003e1e800;  1 drivers
v0x600003d12ac0_0 .net "Out", 0 0, L_0x600003e1e6c0;  1 drivers
v0x600003d12b50_0 .net "S", 0 0, L_0x600003e1e440;  alias, 1 drivers
L_0x600003e1e6c0 .functor MUXZ 1, L_0x600003e1e760, L_0x600003e1e800, L_0x600003e1e440, C4<>;
S_0x13c627d10 .scope generate, "genblk1[2]" "genblk1[2]" 4 17, 4 17 0, S_0x13c6275e0;
 .timescale -9 -12;
P_0x600001a16b80 .param/l "i" 0 4 17, +C4<010>;
S_0x13c627e80 .scope module, "m" "mux2to1" 4 18, 4 4 0, S_0x13c627d10;
 .timescale -9 -12;
    .port_info 0 /INPUT 1 "S";
    .port_info 1 /INPUT 1 "A";
    .port_info 2 /INPUT 1 "B";
    .port_info 3 /OUTPUT 1 "Out";
v0x600003d12be0_0 .net "A", 0 0, L_0x600003e1e940;  1 drivers
v0x600003d12c70_0 .net "B", 0 0, L_0x600003e1e9e0;  1 drivers
v0x600003d12d00_0 .net "Out", 0 0, L_0x600003e1e8a0;  1 drivers
v0x600003d12d90_0 .net "S", 0 0, L_0x600003e1e440;  alias, 1 drivers
L_0x600003e1e8a0 .functor MUXZ 1, L_0x600003e1e940, L_0x600003e1e9e0, L_0x600003e1e440, C4<>;
S_0x13c627ff0 .scope generate, "genblk1[3]" "genblk1[3]" 4 17, 4 17 0, S_0x13c6275e0;
 .timescale -9 -12;
P_0x600001a16c00 .param/l "i" 0 4 17, +C4<011>;
S_0x13c628160 .scope module, "m" "mux2to1" 4 18, 4 4 0, S_0x13c627ff0;
 .timescale -9 -12;
    .port_info 0 /INPUT 1 "S";
    .port_info 1 /INPUT 1 "A";
    .port_info 2 /INPUT 1 "B";
    .port_info 3 /OUTPUT 1 "Out";
v0x600003d12e20_0 .net "A", 0 0, L_0x600003e1eb20;  1 drivers
v0x600003d12eb0_0 .net "B", 0 0, L_0x600003e1ebc0;  1 drivers
v0x600003d12f40_0 .net "Out", 0 0, L_0x600003e1ea80;  1 drivers
v0x600003d12fd0_0 .net "S", 0 0, L_0x600003e1e440;  alias, 1 drivers
L_0x600003e1ea80 .functor MUXZ 1, L_0x600003e1eb20, L_0x600003e1ebc0, L_0x600003e1e440, C4<>;
S_0x13c6282d0 .scope generate, "genblk1[4]" "genblk1[4]" 4 17, 4 17 0, S_0x13c6275e0;
 .timescale -9 -12;
P_0x600001a16cc0 .param/l "i" 0 4 17, +C4<0100>;
S_0x13c628440 .scope module, "m" "mux2to1" 4 18, 4 4 0, S_0x13c6282d0;
 .timescale -9 -12;
    .port_info 0 /INPUT 1 "S";
    .port_info 1 /INPUT 1 "A";
    .port_info 2 /INPUT 1 "B";
    .port_info 3 /OUTPUT 1 "Out";
v0x600003d13060_0 .net "A", 0 0, L_0x600003e1ed00;  1 drivers
v0x600003d130f0_0 .net "B", 0 0, L_0x600003e1eda0;  1 drivers
v0x600003d13180_0 .net "Out", 0 0, L_0x600003e1ec60;  1 drivers
v0x600003d13210_0 .net "S", 0 0, L_0x600003e1e440;  alias, 1 drivers
L_0x600003e1ec60 .functor MUXZ 1, L_0x600003e1ed00, L_0x600003e1eda0, L_0x600003e1e440, C4<>;
S_0x13c6285b0 .scope generate, "genblk1[5]" "genblk1[5]" 4 17, 4 17 0, S_0x13c6275e0;
 .timescale -9 -12;
P_0x600001a16d40 .param/l "i" 0 4 17, +C4<0101>;
S_0x13c628720 .scope module, "m" "mux2to1" 4 18, 4 4 0, S_0x13c6285b0;
 .timescale -9 -12;
    .port_info 0 /INPUT 1 "S";
    .port_info 1 /INPUT 1 "A";
    .port_info 2 /INPUT 1 "B";
    .port_info 3 /OUTPUT 1 "Out";
v0x600003d132a0_0 .net "A", 0 0, L_0x600003e1eee0;  1 drivers
v0x600003d13330_0 .net "B", 0 0, L_0x600003e1ef80;  1 drivers
v0x600003d133c0_0 .net "Out", 0 0, L_0x600003e1ee40;  1 drivers
v0x600003d13450_0 .net "S", 0 0, L_0x600003e1e440;  alias, 1 drivers
L_0x600003e1ee40 .functor MUXZ 1, L_0x600003e1eee0, L_0x600003e1ef80, L_0x600003e1e440, C4<>;
S_0x13c628890 .scope generate, "genblk1[6]" "genblk1[6]" 4 17, 4 17 0, S_0x13c6275e0;
 .timescale -9 -12;
P_0x600001a16dc0 .param/l "i" 0 4 17, +C4<0110>;
S_0x13c628a00 .scope module, "m" "mux2to1" 4 18, 4 4 0, S_0x13c628890;
 .timescale -9 -12;
    .port_info 0 /INPUT 1 "S";
    .port_info 1 /INPUT 1 "A";
    .port_info 2 /INPUT 1 "B";
    .port_info 3 /OUTPUT 1 "Out";
v0x600003d134e0_0 .net "A", 0 0, L_0x600003e1f0c0;  1 drivers
v0x600003d13570_0 .net "B", 0 0, L_0x600003e1f160;  1 drivers
v0x600003d13600_0 .net "Out", 0 0, L_0x600003e1f020;  1 drivers
v0x600003d13690_0 .net "S", 0 0, L_0x600003e1e440;  alias, 1 drivers
L_0x600003e1f020 .functor MUXZ 1, L_0x600003e1f0c0, L_0x600003e1f160, L_0x600003e1e440, C4<>;
S_0x13c628b70 .scope generate, "genblk1[7]" "genblk1[7]" 4 17, 4 17 0, S_0x13c6275e0;
 .timescale -9 -12;
P_0x600001a16e40 .param/l "i" 0 4 17, +C4<0111>;
S_0x13c628ce0 .scope module, "m" "mux2to1" 4 18, 4 4 0, S_0x13c628b70;
 .timescale -9 -12;
    .port_info 0 /INPUT 1 "S";
    .port_info 1 /INPUT 1 "A";
    .port_info 2 /INPUT 1 "B";
    .port_info 3 /OUTPUT 1 "Out";
v0x600003d13720_0 .net "A", 0 0, L_0x600003e1f2a0;  1 drivers
v0x600003d137b0_0 .net "B", 0 0, L_0x600003e1f340;  1 drivers
v0x600003d13840_0 .net "Out", 0 0, L_0x600003e1f200;  1 drivers
v0x600003d138d0_0 .net "S", 0 0, L_0x600003e1e440;  alias, 1 drivers
L_0x600003e1f200 .functor MUXZ 1, L_0x600003e1f2a0, L_0x600003e1f340, L_0x600003e1e440, C4<>;
S_0x13c628e50 .scope generate, "genblk1[8]" "genblk1[8]" 4 17, 4 17 0, S_0x13c6275e0;
 .timescale -9 -12;
P_0x600001a16c80 .param/l "i" 0 4 17, +C4<01000>;
S_0x13c628fc0 .scope module, "m" "mux2to1" 4 18, 4 4 0, S_0x13c628e50;
 .timescale -9 -12;
    .port_info 0 /INPUT 1 "S";
    .port_info 1 /INPUT 1 "A";
    .port_info 2 /INPUT 1 "B";
    .port_info 3 /OUTPUT 1 "Out";
v0x600003d13960_0 .net "A", 0 0, L_0x600003e1f480;  1 drivers
v0x600003d139f0_0 .net "B", 0 0, L_0x600003e1f520;  1 drivers
v0x600003d13a80_0 .net "Out", 0 0, L_0x600003e1f3e0;  1 drivers
v0x600003d13b10_0 .net "S", 0 0, L_0x600003e1e440;  alias, 1 drivers
L_0x600003e1f3e0 .functor MUXZ 1, L_0x600003e1f480, L_0x600003e1f520, L_0x600003e1e440, C4<>;
S_0x13c629130 .scope generate, "genblk1[9]" "genblk1[9]" 4 17, 4 17 0, S_0x13c6275e0;
 .timescale -9 -12;
P_0x600001a16f00 .param/l "i" 0 4 17, +C4<01001>;
S_0x13c6292a0 .scope module, "m" "mux2to1" 4 18, 4 4 0, S_0x13c629130;
 .timescale -9 -12;
    .port_info 0 /INPUT 1 "S";
    .port_info 1 /INPUT 1 "A";
    .port_info 2 /INPUT 1 "B";
    .port_info 3 /OUTPUT 1 "Out";
v0x600003d13ba0_0 .net "A", 0 0, L_0x600003e1f660;  1 drivers
v0x600003d13c30_0 .net "B", 0 0, L_0x600003e1f7a0;  1 drivers
v0x600003d13cc0_0 .net "Out", 0 0, L_0x600003e1f5c0;  1 drivers
v0x600003d13d50_0 .net "S", 0 0, L_0x600003e1e440;  alias, 1 drivers
L_0x600003e1f5c0 .functor MUXZ 1, L_0x600003e1f660, L_0x600003e1f7a0, L_0x600003e1e440, C4<>;
S_0x13c629410 .scope generate, "genblk1[10]" "genblk1[10]" 4 17, 4 17 0, S_0x13c6275e0;
 .timescale -9 -12;
P_0x600001a16f80 .param/l "i" 0 4 17, +C4<01010>;
S_0x13c629580 .scope module, "m" "mux2to1" 4 18, 4 4 0, S_0x13c629410;
 .timescale -9 -12;
    .port_info 0 /INPUT 1 "S";
    .port_info 1 /INPUT 1 "A";
    .port_info 2 /INPUT 1 "B";
    .port_info 3 /OUTPUT 1 "Out";
v0x600003d13de0_0 .net "A", 0 0, L_0x600003e1f8e0;  1 drivers
v0x600003d13e70_0 .net "B", 0 0, L_0x600003e1f700;  1 drivers
v0x600003d13f00_0 .net "Out", 0 0, L_0x600003e1f840;  1 drivers
v0x600003d0c000_0 .net "S", 0 0, L_0x600003e1e440;  alias, 1 drivers
L_0x600003e1f840 .functor MUXZ 1, L_0x600003e1f8e0, L_0x600003e1f700, L_0x600003e1e440, C4<>;
S_0x13c6296f0 .scope generate, "genblk1[11]" "genblk1[11]" 4 17, 4 17 0, S_0x13c6275e0;
 .timescale -9 -12;
P_0x600001a17000 .param/l "i" 0 4 17, +C4<01011>;
S_0x13c629860 .scope module, "m" "mux2to1" 4 18, 4 4 0, S_0x13c6296f0;
 .timescale -9 -12;
    .port_info 0 /INPUT 1 "S";
    .port_info 1 /INPUT 1 "A";
    .port_info 2 /INPUT 1 "B";
    .port_info 3 /OUTPUT 1 "Out";
v0x600003d0c090_0 .net "A", 0 0, L_0x600003e1fa20;  1 drivers
v0x600003d0c120_0 .net "B", 0 0, L_0x600003e1fac0;  1 drivers
v0x600003d0c1b0_0 .net "Out", 0 0, L_0x600003e1f980;  1 drivers
v0x600003d0c240_0 .net "S", 0 0, L_0x600003e1e440;  alias, 1 drivers
L_0x600003e1f980 .functor MUXZ 1, L_0x600003e1fa20, L_0x600003e1fac0, L_0x600003e1e440, C4<>;
S_0x13c62f310 .scope generate, "genblk1[12]" "genblk1[12]" 4 17, 4 17 0, S_0x13c6275e0;
 .timescale -9 -12;
P_0x600001a17080 .param/l "i" 0 4 17, +C4<01100>;
S_0x13c62f480 .scope module, "m" "mux2to1" 4 18, 4 4 0, S_0x13c62f310;
 .timescale -9 -12;
    .port_info 0 /INPUT 1 "S";
    .port_info 1 /INPUT 1 "A";
    .port_info 2 /INPUT 1 "B";
    .port_info 3 /OUTPUT 1 "Out";
v0x600003d0c2d0_0 .net "A", 0 0, L_0x600003e1fc00;  1 drivers
v0x600003d0c360_0 .net "B", 0 0, L_0x600003e1fca0;  1 drivers
v0x600003d0c3f0_0 .net "Out", 0 0, L_0x600003e1fb60;  1 drivers
v0x600003d0c480_0 .net "S", 0 0, L_0x600003e1e440;  alias, 1 drivers
L_0x600003e1fb60 .functor MUXZ 1, L_0x600003e1fc00, L_0x600003e1fca0, L_0x600003e1e440, C4<>;
S_0x13c62f5f0 .scope generate, "genblk1[13]" "genblk1[13]" 4 17, 4 17 0, S_0x13c6275e0;
 .timescale -9 -12;
P_0x600001a17100 .param/l "i" 0 4 17, +C4<01101>;
S_0x13c62f760 .scope module, "m" "mux2to1" 4 18, 4 4 0, S_0x13c62f5f0;
 .timescale -9 -12;
    .port_info 0 /INPUT 1 "S";
    .port_info 1 /INPUT 1 "A";
    .port_info 2 /INPUT 1 "B";
    .port_info 3 /OUTPUT 1 "Out";
v0x600003d0c510_0 .net "A", 0 0, L_0x600003e1fde0;  1 drivers
v0x600003d0c5a0_0 .net "B", 0 0, L_0x600003e1fe80;  1 drivers
v0x600003d0c630_0 .net "Out", 0 0, L_0x600003e1fd40;  1 drivers
v0x600003d0c6c0_0 .net "S", 0 0, L_0x600003e1e440;  alias, 1 drivers
L_0x600003e1fd40 .functor MUXZ 1, L_0x600003e1fde0, L_0x600003e1fe80, L_0x600003e1e440, C4<>;
S_0x13c62f8d0 .scope generate, "genblk1[14]" "genblk1[14]" 4 17, 4 17 0, S_0x13c6275e0;
 .timescale -9 -12;
P_0x600001a17180 .param/l "i" 0 4 17, +C4<01110>;
S_0x13c62fa40 .scope module, "m" "mux2to1" 4 18, 4 4 0, S_0x13c62f8d0;
 .timescale -9 -12;
    .port_info 0 /INPUT 1 "S";
    .port_info 1 /INPUT 1 "A";
    .port_info 2 /INPUT 1 "B";
    .port_info 3 /OUTPUT 1 "Out";
v0x600003d0c750_0 .net "A", 0 0, L_0x600003e18000;  1 drivers
v0x600003d0c7e0_0 .net "B", 0 0, L_0x600003e180a0;  1 drivers
v0x600003d0c870_0 .net "Out", 0 0, L_0x600003e1ff20;  1 drivers
v0x600003d0c900_0 .net "S", 0 0, L_0x600003e1e440;  alias, 1 drivers
L_0x600003e1ff20 .functor MUXZ 1, L_0x600003e18000, L_0x600003e180a0, L_0x600003e1e440, C4<>;
S_0x13c62fbb0 .scope generate, "genblk1[15]" "genblk1[15]" 4 17, 4 17 0, S_0x13c6275e0;
 .timescale -9 -12;
P_0x600001a17200 .param/l "i" 0 4 17, +C4<01111>;
S_0x13c62fd20 .scope module, "m" "mux2to1" 4 18, 4 4 0, S_0x13c62fbb0;
 .timescale -9 -12;
    .port_info 0 /INPUT 1 "S";
    .port_info 1 /INPUT 1 "A";
    .port_info 2 /INPUT 1 "B";
    .port_info 3 /OUTPUT 1 "Out";
v0x600003d0c990_0 .net "A", 0 0, L_0x600003e181e0;  1 drivers
v0x600003d0ca20_0 .net "B", 0 0, L_0x600003e18280;  1 drivers
v0x600003d0cab0_0 .net "Out", 0 0, L_0x600003e18140;  1 drivers
v0x600003d0cb40_0 .net "S", 0 0, L_0x600003e1e440;  alias, 1 drivers
L_0x600003e18140 .functor MUXZ 1, L_0x600003e181e0, L_0x600003e18280, L_0x600003e1e440, C4<>;
S_0x13c62d700 .scope task, "printPoints" "printPoints" 5 1, 5 1 0, S_0x13c62edc0;
 .timescale -9 -12;
v0x600003d0ddd0_0 .var "actual", 31 0;
v0x600003d0de60_0 .var "possible", 31 0;
TD_test_divider.printPoints ;
    %vpi_call 5 4 "$display", "<scorePossible>%d</scorePossible>", v0x600003d0de60_0 {0 0 0};
    %vpi_call 5 5 "$display", "<scoreActual>%d</scoreActual>", v0x600003d0ddd0_0 {0 0 0};
    %end;
    .scope S_0x13c62edc0;
T_1 ;
    %vpi_call 2 74 "$dumpfile", "divider.vcd" {0 0 0};
    %vpi_call 2 75 "$dumpvars" {0 0 0};
    %pushi/vec4 42, 0, 32;
    %store/vec4 v0x600003d0e7f0_0, 0, 32;
    %vpi_func 2 81 "$random" 32, v0x600003d0e7f0_0 {0 0 0};
    %store/vec4 v0x600003d0e7f0_0, 0, 32;
    %pushi/vec4 0, 0, 16;
    %store/vec4 v0x600003d0e250_0, 0, 16;
    %pushi/vec4 0, 0, 16;
    %store/vec4 v0x600003d0e2e0_0, 0, 16;
    %pushi/vec4 0, 0, 16;
    %store/vec4 v0x600003d0e400_0, 0, 16;
    %pushi/vec4 0, 0, 16;
    %store/vec4 v0x600003d0e370_0, 0, 16;
    %pushi/vec4 0, 0, 32;
    %store/vec4 v0x600003d0e010_0, 0, 32;
    %pushi/vec4 0, 0, 32;
    %store/vec4 v0x600003d0df80_0, 0, 32;
    %vpi_func 2 96 "$fopen" 32, "test_lc4_divider_one_iter.input", "r" {0 0 0};
    %store/vec4 v0x600003d0e490_0, 0, 32;
    %load/vec4 v0x600003d0e490_0;
    %cmpi/e 0, 0, 32;
    %jmp/0xz  T_1.0, 4;
    %vpi_call 2 98 "$display", "Error opening file: ", "test_lc4_divider_one_iter.input" {0 0 0};
    %vpi_call 2 99 "$finish" {0 0 0};
T_1.0 ;
    %delay 100000, 0;
    %delay 2000, 0;
T_1.2 ;
    %vpi_func 2 108 "$fscanf" 32, v0x600003d0e490_0, "%d:%b %b %b %b %b %b %b", v0x600003d0def0_0, v0x600003d0e250_0, v0x600003d0e2e0_0, v0x600003d0e400_0, v0x600003d0e370_0, v0x600003d0e0a0_0, v0x600003d0e1c0_0, v0x600003d0e130_0 {0 0 0};
    %cmpi/e 8, 0, 32;
    %jmp/0xz T_1.3, 4;
    %delay 8000, 0;
    %load/vec4 v0x600003d0df80_0;
    %addi 1, 0, 32;
    %store/vec4 v0x600003d0df80_0, 0, 32;
    %load/vec4 v0x600003d0e520_0;
    %load/vec4 v0x600003d0e0a0_0;
    %cmp/ne;
    %flag_mov 8, 6;
    %load/vec4 v0x600003d0e640_0;
    %load/vec4 v0x600003d0e1c0_0;
    %cmp/ne;
    %flag_or 6, 8;
    %flag_mov 8, 6;
    %load/vec4 v0x600003d0e5b0_0;
    %load/vec4 v0x600003d0e130_0;
    %cmp/ne;
    %flag_or 6, 8;
    %jmp/0xz  T_1.4, 6;
    %load/vec4 v0x600003d0e010_0;
    %addi 1, 0, 32;
    %store/vec4 v0x600003d0e010_0, 0, 32;
    %load/vec4 v0x600003d0e010_0;
    %cmpi/s 15, 0, 32;
    %jmp/0xz  T_1.6, 5;
    %vpi_call 2 119 "$display", "[lc4_divider_one_iter] Error at test %04d: i_dividend = %b %b %b %b (%d), i_divisor = %b %b %b %b (%d), i_remainder = %b %b %b %b (%d), i_quotient = %b %b %b %b (%d)", v0x600003d0df80_0, &PV<v0x600003d0e250_0, 12, 4>, &PV<v0x600003d0e250_0, 8, 4>, &PV<v0x600003d0e250_0, 4, 4>, &PV<v0x600003d0e250_0, 0, 4>, v0x600003d0e250_0, &PV<v0x600003d0e2e0_0, 12, 4>, &PV<v0x600003d0e2e0_0, 8, 4>, &PV<v0x600003d0e2e0_0, 4, 4>, &PV<v0x600003d0e2e0_0, 0, 4>, v0x600003d0e2e0_0, &PV<v0x600003d0e400_0, 12, 4>, &PV<v0x600003d0e400_0, 8, 4>, &PV<v0x600003d0e400_0, 4, 4>, &PV<v0x600003d0e400_0, 0, 4>, v0x600003d0e400_0, &PV<v0x600003d0e370_0, 12, 4>, &PV<v0x600003d0e370_0, 8, 4>, &PV<v0x600003d0e370_0, 4, 4>, &PV<v0x600003d0e370_0, 0, 4>, v0x600003d0e370_0 {0 0 0};
    %load/vec4 v0x600003d0e520_0;
    %load/vec4 v0x600003d0e0a0_0;
    %cmp/ne;
    %jmp/0xz  T_1.8, 6;
    %vpi_call 2 126 "$display", "   o_dividend should have been %b %b %b %b (%d), but was %b %b %b %b (%d) instead", &PV<v0x600003d0e0a0_0, 12, 4>, &PV<v0x600003d0e0a0_0, 8, 4>, &PV<v0x600003d0e0a0_0, 4, 4>, &PV<v0x600003d0e0a0_0, 0, 4>, v0x600003d0e0a0_0, &PV<v0x600003d0e520_0, 12, 4>, &PV<v0x600003d0e520_0, 8, 4>, &PV<v0x600003d0e520_0, 4, 4>, &PV<v0x600003d0e520_0, 0, 4>, v0x600003d0e520_0 {0 0 0};
T_1.8 ;
    %load/vec4 v0x600003d0e640_0;
    %load/vec4 v0x600003d0e1c0_0;
    %cmp/ne;
    %jmp/0xz  T_1.10, 6;
    %vpi_call 2 131 "$display", "   o_remainder should have been %b %b %b %b (%d), but was %b %b %b %b (%d) instead", &PV<v0x600003d0e1c0_0, 12, 4>, &PV<v0x600003d0e1c0_0, 8, 4>, &PV<v0x600003d0e1c0_0, 4, 4>, &PV<v0x600003d0e1c0_0, 0, 4>, v0x600003d0e1c0_0, &PV<v0x600003d0e640_0, 12, 4>, &PV<v0x600003d0e640_0, 8, 4>, &PV<v0x600003d0e640_0, 4, 4>, &PV<v0x600003d0e640_0, 0, 4>, v0x600003d0e640_0 {0 0 0};
T_1.10 ;
    %load/vec4 v0x600003d0e5b0_0;
    %load/vec4 v0x600003d0e130_0;
    %cmp/ne;
    %jmp/0xz  T_1.12, 6;
    %vpi_call 2 136 "$display", "   o_quotient should have been %b %b %b %b (%d), but was %b %b %b %b (%d) instead", &PV<v0x600003d0e130_0, 12, 4>, &PV<v0x600003d0e130_0, 8, 4>, &PV<v0x600003d0e130_0, 4, 4>, &PV<v0x600003d0e130_0, 0, 4>, v0x600003d0e130_0, &PV<v0x600003d0e5b0_0, 12, 4>, &PV<v0x600003d0e5b0_0, 8, 4>, &PV<v0x600003d0e5b0_0, 4, 4>, &PV<v0x600003d0e5b0_0, 0, 4>, v0x600003d0e5b0_0 {0 0 0};
T_1.12 ;
T_1.6 ;
T_1.4 ;
    %delay 2000, 0;
    %jmp T_1.2;
T_1.3 ;
    %load/vec4 v0x600003d0e490_0;
    %cmpi/ne 0, 0, 32;
    %jmp/0xz  T_1.14, 4;
    %vpi_call 2 153 "$fclose", v0x600003d0e490_0 {0 0 0};
T_1.14 ;
    %load/vec4 v0x600003d0e010_0;
    %cmpi/s 15, 0, 32;
    %flag_or 5, 4; GT is !LE
    %flag_inv 5;
    %jmp/0xz  T_1.16, 5;
    %load/vec4 v0x600003d0e010_0;
    %subi 15, 0, 32;
    %vpi_call 2 244 "$display", "Additional %d errors NOT printed.", S<0,vec4,s32> {1 0 0};
T_1.16 ;
    %vpi_call 2 246 "$display", "Simulation finished: %d test cases %d errors", v0x600003d0df80_0, v0x600003d0e010_0 {0 0 0};
    %load/vec4 v0x600003d0df80_0;
    %store/vec4 v0x600003d0de60_0, 0, 32;
    %load/vec4 v0x600003d0df80_0;
    %load/vec4 v0x600003d0e010_0;
    %sub;
    %store/vec4 v0x600003d0ddd0_0, 0, 32;
    %fork TD_test_divider.printPoints, S_0x13c62d700;
    %join;
    %vpi_call 2 248 "$finish" {0 0 0};
    %end;
    .thread T_1;
# The file index is used to find the file name in the following table.
:file_names 6;
    "N/A";
    "<interactive>";
    "testbench_lc4_divider.v";
    "lc4_divider.v";
    "./global_modules.v";
    "./print_points.v";
