#! /opt/homebrew/Cellar/icarus-verilog/11.0/bin/vvp
:ivl_version "11.0 (stable)";
:ivl_delay_selection "TYPICAL";
:vpi_time_precision - 12;
:vpi_module "/opt/homebrew/Cellar/icarus-verilog/11.0/lib/ivl/system.vpi";
:vpi_module "/opt/homebrew/Cellar/icarus-verilog/11.0/lib/ivl/vhdl_sys.vpi";
:vpi_module "/opt/homebrew/Cellar/icarus-verilog/11.0/lib/ivl/vhdl_textio.vpi";
:vpi_module "/opt/homebrew/Cellar/icarus-verilog/11.0/lib/ivl/v2005_math.vpi";
:vpi_module "/opt/homebrew/Cellar/icarus-verilog/11.0/lib/ivl/va_math.vpi";
S_0x14ee171a0 .scope module, "test_adders" "test_adders" 2 14;
 .timescale -9 -12;
L_0x150078058 .functor BUFT 1, C4<0>, C4<0>, C4<0>, C4<0>;
v0x600002dd8120_0 .net *"_ivl_10", 0 0, L_0x150078058;  1 drivers
v0x600002dd81b0_0 .net *"_ivl_11", 1 0, L_0x600002ed0280;  1 drivers
v0x600002dd8240_0 .net *"_ivl_13", 1 0, L_0x600002ed0320;  1 drivers
L_0x1500780a0 .functor BUFT 1, C4<0>, C4<0>, C4<0>, C4<0>;
v0x600002dd82d0_0 .net *"_ivl_16", 0 0, L_0x1500780a0;  1 drivers
v0x600002dd8360_0 .net *"_ivl_17", 1 0, L_0x600002ed03c0;  1 drivers
v0x600002dd83f0_0 .net *"_ivl_22", 2 0, L_0x600002ed08c0;  1 drivers
L_0x1500780e8 .functor BUFT 1, C4<0>, C4<0>, C4<0>, C4<0>;
v0x600002dd8480_0 .net *"_ivl_25", 0 0, L_0x1500780e8;  1 drivers
v0x600002dd8510_0 .net *"_ivl_26", 2 0, L_0x600002ed0960;  1 drivers
L_0x150078130 .functor BUFT 1, C4<0>, C4<0>, C4<0>, C4<0>;
v0x600002dd85a0_0 .net *"_ivl_29", 0 0, L_0x150078130;  1 drivers
v0x600002dd8630_0 .net *"_ivl_3", 1 0, L_0x600002ed0140;  1 drivers
v0x600002dd86c0_0 .net *"_ivl_30", 2 0, L_0x600002ed0a00;  1 drivers
v0x600002dd8750_0 .net *"_ivl_32", 2 0, L_0x600002ed0aa0;  1 drivers
L_0x150078178 .functor BUFT 1, C4<00>, C4<0>, C4<0>, C4<0>;
v0x600002dd87e0_0 .net *"_ivl_35", 1 0, L_0x150078178;  1 drivers
v0x600002dd8870_0 .net *"_ivl_36", 2 0, L_0x600002ed0b40;  1 drivers
v0x600002dd8900_0 .net *"_ivl_42", 3 0, L_0x600002ed1680;  1 drivers
L_0x150078010 .functor BUFT 1, C4<0>, C4<0>, C4<0>, C4<0>;
v0x600002dd8990_0 .net *"_ivl_6", 0 0, L_0x150078010;  1 drivers
v0x600002dd8a20_0 .net *"_ivl_7", 1 0, L_0x600002ed01e0;  1 drivers
v0x600002dd8ab0_0 .var "a", 0 0;
v0x600002dd8b40_0 .var "a2", 1 0;
v0x600002dd8bd0_0 .var "a4", 3 0;
v0x600002dd8c60_0 .net "actual_fa2_cout", 0 0, L_0x6000034d3560;  1 drivers
v0x600002dd8cf0_0 .net "actual_fa2_sum", 1 0, L_0x600002ed06e0;  1 drivers
v0x600002dd8d80_0 .net "actual_fa_cout", 0 0, L_0x6000034d3100;  1 drivers
v0x600002dd8e10_0 .net "actual_fa_sum", 0 0, L_0x6000034d3020;  1 drivers
v0x600002dd8ea0_0 .net "actual_ha_cout", 0 0, L_0x6000034d2ed0;  1 drivers
v0x600002dd8f30_0 .net "actual_ha_sum", 0 0, L_0x6000034d2e60;  1 drivers
v0x600002dd8fc0_0 .net "actual_rca4_sum", 7 0, L_0x600002ed14a0;  1 drivers
v0x600002dd9050_0 .var "b", 0 0;
v0x600002dd90e0_0 .var "b2", 1 0;
v0x600002dd9170_0 .var "b4", 3 0;
v0x600002dd9200_0 .var "cin", 0 0;
v0x600002dd9290_0 .var/i "errors", 31 0;
v0x600002dd9320_0 .net "exp_fa2_cout", 0 0, L_0x600002ed0780;  1 drivers
v0x600002dd93b0_0 .net "exp_fa2_sum", 1 0, L_0x600002ed0820;  1 drivers
v0x600002dd9440_0 .net "exp_fa_cout", 0 0, L_0x600002ed0000;  1 drivers
v0x600002dd94d0_0 .net "exp_fa_sum", 0 0, L_0x600002ed00a0;  1 drivers
v0x600002dd9560_0 .net "exp_rca4_sum", 3 0, L_0x600002ed15e0;  1 drivers
v0x600002dd95f0_0 .var/i "i", 31 0;
v0x600002dd9680_0 .var/i "tests", 31 0;
L_0x600002ed0000 .part L_0x600002ed03c0, 1, 1;
L_0x600002ed00a0 .part L_0x600002ed03c0, 0, 1;
L_0x600002ed0140 .concat [ 1 1 0 0], v0x600002dd8ab0_0, L_0x150078010;
L_0x600002ed01e0 .concat [ 1 1 0 0], v0x600002dd9050_0, L_0x150078058;
L_0x600002ed0280 .arith/sum 2, L_0x600002ed0140, L_0x600002ed01e0;
L_0x600002ed0320 .concat [ 1 1 0 0], v0x600002dd9200_0, L_0x1500780a0;
L_0x600002ed03c0 .arith/sum 2, L_0x600002ed0280, L_0x600002ed0320;
L_0x600002ed0780 .part L_0x600002ed0b40, 2, 1;
L_0x600002ed0820 .part L_0x600002ed0b40, 0, 2;
L_0x600002ed08c0 .concat [ 2 1 0 0], v0x600002dd8b40_0, L_0x1500780e8;
L_0x600002ed0960 .concat [ 2 1 0 0], v0x600002dd90e0_0, L_0x150078130;
L_0x600002ed0a00 .arith/sum 3, L_0x600002ed08c0, L_0x600002ed0960;
L_0x600002ed0aa0 .concat [ 1 2 0 0], v0x600002dd9200_0, L_0x150078178;
L_0x600002ed0b40 .arith/sum 3, L_0x600002ed0a00, L_0x600002ed0aa0;
L_0x600002ed1540 .concat [ 4 4 0 0], v0x600002dd8bd0_0, v0x600002dd9170_0;
L_0x600002ed15e0 .part L_0x600002ed1680, 0, 4;
L_0x600002ed1680 .arith/sum 4, v0x600002dd8bd0_0, v0x600002dd9170_0;
S_0x14ee17310 .scope module, "fa" "fulladder" 2 31, 3 20 0, S_0x14ee171a0;
 .timescale -9 -12;
    .port_info 0 /INPUT 1 "cin";
    .port_info 1 /INPUT 1 "a";
    .port_info 2 /INPUT 1 "b";
    .port_info 3 /OUTPUT 1 "s";
    .port_info 4 /OUTPUT 1 "cout";
L_0x6000034d3100 .functor OR 1, L_0x6000034d2fb0, L_0x6000034d3090, C4<0>, C4<0>;
v0x600002dd3600_0 .net "a", 0 0, v0x600002dd8ab0_0;  1 drivers
v0x600002dd3690_0 .net "b", 0 0, v0x600002dd9050_0;  1 drivers
v0x600002dd3720_0 .net "cin", 0 0, v0x600002dd9200_0;  1 drivers
v0x600002dd37b0_0 .net "cout", 0 0, L_0x6000034d3100;  alias, 1 drivers
v0x600002dd3840_0 .net "cout_tmp1", 0 0, L_0x6000034d2fb0;  1 drivers
v0x600002dd38d0_0 .net "cout_tmp2", 0 0, L_0x6000034d3090;  1 drivers
v0x600002dd3960_0 .net "s", 0 0, L_0x6000034d3020;  alias, 1 drivers
v0x600002dd39f0_0 .net "s_tmp", 0 0, L_0x6000034d2f40;  1 drivers
S_0x14ee1a030 .scope module, "h0" "halfadder" 3 27, 3 10 0, S_0x14ee17310;
 .timescale -9 -12;
    .port_info 0 /INPUT 1 "a";
    .port_info 1 /INPUT 1 "b";
    .port_info 2 /OUTPUT 1 "s";
    .port_info 3 /OUTPUT 1 "cout";
L_0x6000034d2f40 .functor XOR 1, v0x600002dd8ab0_0, v0x600002dd9050_0, C4<0>, C4<0>;
L_0x6000034d2fb0 .functor AND 1, v0x600002dd8ab0_0, v0x600002dd9050_0, C4<1>, C4<1>;
v0x600002dd3180_0 .net "a", 0 0, v0x600002dd8ab0_0;  alias, 1 drivers
v0x600002dd3210_0 .net "b", 0 0, v0x600002dd9050_0;  alias, 1 drivers
v0x600002dd32a0_0 .net "cout", 0 0, L_0x6000034d2fb0;  alias, 1 drivers
v0x600002dd3330_0 .net "s", 0 0, L_0x6000034d2f40;  alias, 1 drivers
S_0x14ee1a1a0 .scope module, "h1" "halfadder" 3 28, 3 10 0, S_0x14ee17310;
 .timescale -9 -12;
    .port_info 0 /INPUT 1 "a";
    .port_info 1 /INPUT 1 "b";
    .port_info 2 /OUTPUT 1 "s";
    .port_info 3 /OUTPUT 1 "cout";
L_0x6000034d3020 .functor XOR 1, L_0x6000034d2f40, v0x600002dd9200_0, C4<0>, C4<0>;
L_0x6000034d3090 .functor AND 1, L_0x6000034d2f40, v0x600002dd9200_0, C4<1>, C4<1>;
v0x600002dd33c0_0 .net "a", 0 0, L_0x6000034d2f40;  alias, 1 drivers
v0x600002dd3450_0 .net "b", 0 0, v0x600002dd9200_0;  alias, 1 drivers
v0x600002dd34e0_0 .net "cout", 0 0, L_0x6000034d3090;  alias, 1 drivers
v0x600002dd3570_0 .net "s", 0 0, L_0x6000034d3020;  alias, 1 drivers
S_0x14ee1a310 .scope module, "fa2" "fulladder2" 2 39, 3 33 0, S_0x14ee171a0;
 .timescale -9 -12;
    .port_info 0 /INPUT 1 "cin";
    .port_info 1 /INPUT 2 "a";
    .port_info 2 /INPUT 2 "b";
    .port_info 3 /OUTPUT 2 "s";
    .port_info 4 /OUTPUT 1 "cout";
v0x600002dd4cf0_0 .net "a", 1 0, v0x600002dd8b40_0;  1 drivers
v0x600002dd4d80_0 .net "b", 1 0, v0x600002dd90e0_0;  1 drivers
v0x600002dd4e10_0 .net "cin", 0 0, v0x600002dd9200_0;  alias, 1 drivers
v0x600002dd4ea0_0 .net "cout", 0 0, L_0x6000034d3560;  alias, 1 drivers
v0x600002dd4f30_0 .net "cout_tmp", 0 0, L_0x6000034d3330;  1 drivers
v0x600002dd4fc0_0 .net "s", 1 0, L_0x600002ed06e0;  alias, 1 drivers
L_0x600002ed0460 .part v0x600002dd8b40_0, 0, 1;
L_0x600002ed0500 .part v0x600002dd90e0_0, 0, 1;
L_0x600002ed05a0 .part v0x600002dd8b40_0, 1, 1;
L_0x600002ed0640 .part v0x600002dd90e0_0, 1, 1;
L_0x600002ed06e0 .concat8 [ 1 1 0 0], L_0x6000034d3250, L_0x6000034d3480;
S_0x14ee1a480 .scope module, "a0" "fulladder" 3 40, 3 20 0, S_0x14ee1a310;
 .timescale -9 -12;
    .port_info 0 /INPUT 1 "cin";
    .port_info 1 /INPUT 1 "a";
    .port_info 2 /INPUT 1 "b";
    .port_info 3 /OUTPUT 1 "s";
    .port_info 4 /OUTPUT 1 "cout";
L_0x6000034d3330 .functor OR 1, L_0x6000034d31e0, L_0x6000034d32c0, C4<0>, C4<0>;
v0x600002dd3f00_0 .net "a", 0 0, L_0x600002ed0460;  1 drivers
v0x600002dd4000_0 .net "b", 0 0, L_0x600002ed0500;  1 drivers
v0x600002dd4090_0 .net "cin", 0 0, v0x600002dd9200_0;  alias, 1 drivers
v0x600002dd4120_0 .net "cout", 0 0, L_0x6000034d3330;  alias, 1 drivers
v0x600002dd41b0_0 .net "cout_tmp1", 0 0, L_0x6000034d31e0;  1 drivers
v0x600002dd4240_0 .net "cout_tmp2", 0 0, L_0x6000034d32c0;  1 drivers
v0x600002dd42d0_0 .net "s", 0 0, L_0x6000034d3250;  1 drivers
v0x600002dd4360_0 .net "s_tmp", 0 0, L_0x6000034d3170;  1 drivers
S_0x14ee1a5f0 .scope module, "h0" "halfadder" 3 27, 3 10 0, S_0x14ee1a480;
 .timescale -9 -12;
    .port_info 0 /INPUT 1 "a";
    .port_info 1 /INPUT 1 "b";
    .port_info 2 /OUTPUT 1 "s";
    .port_info 3 /OUTPUT 1 "cout";
L_0x6000034d3170 .functor XOR 1, L_0x600002ed0460, L_0x600002ed0500, C4<0>, C4<0>;
L_0x6000034d31e0 .functor AND 1, L_0x600002ed0460, L_0x600002ed0500, C4<1>, C4<1>;
v0x600002dd3a80_0 .net "a", 0 0, L_0x600002ed0460;  alias, 1 drivers
v0x600002dd3b10_0 .net "b", 0 0, L_0x600002ed0500;  alias, 1 drivers
v0x600002dd3ba0_0 .net "cout", 0 0, L_0x6000034d31e0;  alias, 1 drivers
v0x600002dd3c30_0 .net "s", 0 0, L_0x6000034d3170;  alias, 1 drivers
S_0x14ee1a760 .scope module, "h1" "halfadder" 3 28, 3 10 0, S_0x14ee1a480;
 .timescale -9 -12;
    .port_info 0 /INPUT 1 "a";
    .port_info 1 /INPUT 1 "b";
    .port_info 2 /OUTPUT 1 "s";
    .port_info 3 /OUTPUT 1 "cout";
L_0x6000034d3250 .functor XOR 1, L_0x6000034d3170, v0x600002dd9200_0, C4<0>, C4<0>;
L_0x6000034d32c0 .functor AND 1, L_0x6000034d3170, v0x600002dd9200_0, C4<1>, C4<1>;
v0x600002dd3cc0_0 .net "a", 0 0, L_0x6000034d3170;  alias, 1 drivers
v0x600002dd3d50_0 .net "b", 0 0, v0x600002dd9200_0;  alias, 1 drivers
v0x600002dd3de0_0 .net "cout", 0 0, L_0x6000034d32c0;  alias, 1 drivers
v0x600002dd3e70_0 .net "s", 0 0, L_0x6000034d3250;  alias, 1 drivers
S_0x14ee1a8d0 .scope module, "a1" "fulladder" 3 41, 3 20 0, S_0x14ee1a310;
 .timescale -9 -12;
    .port_info 0 /INPUT 1 "cin";
    .port_info 1 /INPUT 1 "a";
    .port_info 2 /INPUT 1 "b";
    .port_info 3 /OUTPUT 1 "s";
    .port_info 4 /OUTPUT 1 "cout";
L_0x6000034d3560 .functor OR 1, L_0x6000034d3410, L_0x6000034d34f0, C4<0>, C4<0>;
v0x600002dd4870_0 .net "a", 0 0, L_0x600002ed05a0;  1 drivers
v0x600002dd4900_0 .net "b", 0 0, L_0x600002ed0640;  1 drivers
v0x600002dd4990_0 .net "cin", 0 0, L_0x6000034d3330;  alias, 1 drivers
v0x600002dd4a20_0 .net "cout", 0 0, L_0x6000034d3560;  alias, 1 drivers
v0x600002dd4ab0_0 .net "cout_tmp1", 0 0, L_0x6000034d3410;  1 drivers
v0x600002dd4b40_0 .net "cout_tmp2", 0 0, L_0x6000034d34f0;  1 drivers
v0x600002dd4bd0_0 .net "s", 0 0, L_0x6000034d3480;  1 drivers
v0x600002dd4c60_0 .net "s_tmp", 0 0, L_0x6000034d33a0;  1 drivers
S_0x14ee1aa40 .scope module, "h0" "halfadder" 3 27, 3 10 0, S_0x14ee1a8d0;
 .timescale -9 -12;
    .port_info 0 /INPUT 1 "a";
    .port_info 1 /INPUT 1 "b";
    .port_info 2 /OUTPUT 1 "s";
    .port_info 3 /OUTPUT 1 "cout";
L_0x6000034d33a0 .functor XOR 1, L_0x600002ed05a0, L_0x600002ed0640, C4<0>, C4<0>;
L_0x6000034d3410 .functor AND 1, L_0x600002ed05a0, L_0x600002ed0640, C4<1>, C4<1>;
v0x600002dd43f0_0 .net "a", 0 0, L_0x600002ed05a0;  alias, 1 drivers
v0x600002dd4480_0 .net "b", 0 0, L_0x600002ed0640;  alias, 1 drivers
v0x600002dd4510_0 .net "cout", 0 0, L_0x6000034d3410;  alias, 1 drivers
v0x600002dd45a0_0 .net "s", 0 0, L_0x6000034d33a0;  alias, 1 drivers
S_0x14ee1abb0 .scope module, "h1" "halfadder" 3 28, 3 10 0, S_0x14ee1a8d0;
 .timescale -9 -12;
    .port_info 0 /INPUT 1 "a";
    .port_info 1 /INPUT 1 "b";
    .port_info 2 /OUTPUT 1 "s";
    .port_info 3 /OUTPUT 1 "cout";
L_0x6000034d3480 .functor XOR 1, L_0x6000034d33a0, L_0x6000034d3330, C4<0>, C4<0>;
L_0x6000034d34f0 .functor AND 1, L_0x6000034d33a0, L_0x6000034d3330, C4<1>, C4<1>;
v0x600002dd4630_0 .net "a", 0 0, L_0x6000034d33a0;  alias, 1 drivers
v0x600002dd46c0_0 .net "b", 0 0, L_0x6000034d3330;  alias, 1 drivers
v0x600002dd4750_0 .net "cout", 0 0, L_0x6000034d34f0;  alias, 1 drivers
v0x600002dd47e0_0 .net "s", 0 0, L_0x6000034d3480;  alias, 1 drivers
S_0x14ee1ad20 .scope module, "ha" "halfadder" 2 26, 3 10 0, S_0x14ee171a0;
 .timescale -9 -12;
    .port_info 0 /INPUT 1 "a";
    .port_info 1 /INPUT 1 "b";
    .port_info 2 /OUTPUT 1 "s";
    .port_info 3 /OUTPUT 1 "cout";
L_0x6000034d2e60 .functor XOR 1, v0x600002dd8ab0_0, v0x600002dd9050_0, C4<0>, C4<0>;
L_0x6000034d2ed0 .functor AND 1, v0x600002dd8ab0_0, v0x600002dd9050_0, C4<1>, C4<1>;
v0x600002dd5050_0 .net "a", 0 0, v0x600002dd8ab0_0;  alias, 1 drivers
v0x600002dd50e0_0 .net "b", 0 0, v0x600002dd9050_0;  alias, 1 drivers
v0x600002dd5170_0 .net "cout", 0 0, L_0x6000034d2ed0;  alias, 1 drivers
v0x600002dd5200_0 .net "s", 0 0, L_0x6000034d2e60;  alias, 1 drivers
S_0x14ee1ae90 .scope task, "printPoints" "printPoints" 4 1, 4 1 0, S_0x14ee171a0;
 .timescale -9 -12;
v0x600002dd5290_0 .var "actual", 31 0;
v0x600002dd5320_0 .var "possible", 31 0;
TD_test_adders.printPoints ;
    %vpi_call 4 4 "$display", "<scorePossible>%d</scorePossible>", v0x600002dd5320_0 {0 0 0};
    %vpi_call 4 5 "$display", "<scoreActual>%d</scoreActual>", v0x600002dd5290_0 {0 0 0};
    %end;
S_0x14ee1b000 .scope module, "r0" "rca4" 2 45, 3 47 0, S_0x14ee171a0;
 .timescale -9 -12;
    .port_info 0 /INPUT 8 "SWITCH";
    .port_info 1 /OUTPUT 8 "LED";
v0x600002dd7e70_0 .net "LED", 7 0, L_0x600002ed14a0;  alias, 1 drivers
v0x600002dd7f00_0 .net "SWITCH", 7 0, L_0x600002ed1540;  1 drivers
L_0x150078208 .functor BUFT 1, C4<0000>, C4<0>, C4<0>, C4<0>;
v0x600002dd8000_0 .net/2u *"_ivl_17", 3 0, L_0x150078208;  1 drivers
v0x600002dd8090_0 .net "cout0", 0 0, L_0x6000034d3a30;  1 drivers
L_0x600002ed0f00 .part L_0x600002ed1540, 0, 2;
L_0x600002ed0fa0 .part L_0x600002ed1540, 4, 2;
L_0x600002ed1360 .part L_0x600002ed1540, 2, 2;
L_0x600002ed1400 .part L_0x600002ed1540, 6, 2;
L_0x600002ed14a0 .concat8 [ 2 2 4 0], L_0x600002ed0e60, L_0x600002ed12c0, L_0x150078208;
S_0x14ee1b170 .scope module, "a0" "fulladder2" 3 50, 3 33 0, S_0x14ee1b000;
 .timescale -9 -12;
    .port_info 0 /INPUT 1 "cin";
    .port_info 1 /INPUT 2 "a";
    .port_info 2 /INPUT 2 "b";
    .port_info 3 /OUTPUT 2 "s";
    .port_info 4 /OUTPUT 1 "cout";
v0x600002dd65b0_0 .net "a", 1 0, L_0x600002ed0f00;  1 drivers
v0x600002dd6640_0 .net "b", 1 0, L_0x600002ed0fa0;  1 drivers
L_0x1500781c0 .functor BUFT 1, C4<0>, C4<0>, C4<0>, C4<0>;
v0x600002dd66d0_0 .net "cin", 0 0, L_0x1500781c0;  1 drivers
v0x600002dd6760_0 .net "cout", 0 0, L_0x6000034d3a30;  alias, 1 drivers
v0x600002dd67f0_0 .net "cout_tmp", 0 0, L_0x6000034d3800;  1 drivers
v0x600002dd6880_0 .net "s", 1 0, L_0x600002ed0e60;  1 drivers
L_0x600002ed0be0 .part L_0x600002ed0f00, 0, 1;
L_0x600002ed0c80 .part L_0x600002ed0fa0, 0, 1;
L_0x600002ed0d20 .part L_0x600002ed0f00, 1, 1;
L_0x600002ed0dc0 .part L_0x600002ed0fa0, 1, 1;
L_0x600002ed0e60 .concat8 [ 1 1 0 0], L_0x6000034d3720, L_0x6000034d3950;
S_0x14ee1b2e0 .scope module, "a0" "fulladder" 3 40, 3 20 0, S_0x14ee1b170;
 .timescale -9 -12;
    .port_info 0 /INPUT 1 "cin";
    .port_info 1 /INPUT 1 "a";
    .port_info 2 /INPUT 1 "b";
    .port_info 3 /OUTPUT 1 "s";
    .port_info 4 /OUTPUT 1 "cout";
L_0x6000034d3800 .functor OR 1, L_0x6000034d36b0, L_0x6000034d3790, C4<0>, C4<0>;
v0x600002dd5830_0 .net "a", 0 0, L_0x600002ed0be0;  1 drivers
v0x600002dd58c0_0 .net "b", 0 0, L_0x600002ed0c80;  1 drivers
v0x600002dd5950_0 .net "cin", 0 0, L_0x1500781c0;  alias, 1 drivers
v0x600002dd59e0_0 .net "cout", 0 0, L_0x6000034d3800;  alias, 1 drivers
v0x600002dd5a70_0 .net "cout_tmp1", 0 0, L_0x6000034d36b0;  1 drivers
v0x600002dd5b00_0 .net "cout_tmp2", 0 0, L_0x6000034d3790;  1 drivers
v0x600002dd5b90_0 .net "s", 0 0, L_0x6000034d3720;  1 drivers
v0x600002dd5c20_0 .net "s_tmp", 0 0, L_0x6000034d3640;  1 drivers
S_0x14ee1b450 .scope module, "h0" "halfadder" 3 27, 3 10 0, S_0x14ee1b2e0;
 .timescale -9 -12;
    .port_info 0 /INPUT 1 "a";
    .port_info 1 /INPUT 1 "b";
    .port_info 2 /OUTPUT 1 "s";
    .port_info 3 /OUTPUT 1 "cout";
L_0x6000034d3640 .functor XOR 1, L_0x600002ed0be0, L_0x600002ed0c80, C4<0>, C4<0>;
L_0x6000034d36b0 .functor AND 1, L_0x600002ed0be0, L_0x600002ed0c80, C4<1>, C4<1>;
v0x600002dd53b0_0 .net "a", 0 0, L_0x600002ed0be0;  alias, 1 drivers
v0x600002dd5440_0 .net "b", 0 0, L_0x600002ed0c80;  alias, 1 drivers
v0x600002dd54d0_0 .net "cout", 0 0, L_0x6000034d36b0;  alias, 1 drivers
v0x600002dd5560_0 .net "s", 0 0, L_0x6000034d3640;  alias, 1 drivers
S_0x14ee1b5c0 .scope module, "h1" "halfadder" 3 28, 3 10 0, S_0x14ee1b2e0;
 .timescale -9 -12;
    .port_info 0 /INPUT 1 "a";
    .port_info 1 /INPUT 1 "b";
    .port_info 2 /OUTPUT 1 "s";
    .port_info 3 /OUTPUT 1 "cout";
L_0x6000034d3720 .functor XOR 1, L_0x6000034d3640, L_0x1500781c0, C4<0>, C4<0>;
L_0x6000034d3790 .functor AND 1, L_0x6000034d3640, L_0x1500781c0, C4<1>, C4<1>;
v0x600002dd55f0_0 .net "a", 0 0, L_0x6000034d3640;  alias, 1 drivers
v0x600002dd5680_0 .net "b", 0 0, L_0x1500781c0;  alias, 1 drivers
v0x600002dd5710_0 .net "cout", 0 0, L_0x6000034d3790;  alias, 1 drivers
v0x600002dd57a0_0 .net "s", 0 0, L_0x6000034d3720;  alias, 1 drivers
S_0x14ee1b730 .scope module, "a1" "fulladder" 3 41, 3 20 0, S_0x14ee1b170;
 .timescale -9 -12;
    .port_info 0 /INPUT 1 "cin";
    .port_info 1 /INPUT 1 "a";
    .port_info 2 /INPUT 1 "b";
    .port_info 3 /OUTPUT 1 "s";
    .port_info 4 /OUTPUT 1 "cout";
L_0x6000034d3a30 .functor OR 1, L_0x6000034d38e0, L_0x6000034d39c0, C4<0>, C4<0>;
v0x600002dd6130_0 .net "a", 0 0, L_0x600002ed0d20;  1 drivers
v0x600002dd61c0_0 .net "b", 0 0, L_0x600002ed0dc0;  1 drivers
v0x600002dd6250_0 .net "cin", 0 0, L_0x6000034d3800;  alias, 1 drivers
v0x600002dd62e0_0 .net "cout", 0 0, L_0x6000034d3a30;  alias, 1 drivers
v0x600002dd6370_0 .net "cout_tmp1", 0 0, L_0x6000034d38e0;  1 drivers
v0x600002dd6400_0 .net "cout_tmp2", 0 0, L_0x6000034d39c0;  1 drivers
v0x600002dd6490_0 .net "s", 0 0, L_0x6000034d3950;  1 drivers
v0x600002dd6520_0 .net "s_tmp", 0 0, L_0x6000034d3870;  1 drivers
S_0x14ee1b8a0 .scope module, "h0" "halfadder" 3 27, 3 10 0, S_0x14ee1b730;
 .timescale -9 -12;
    .port_info 0 /INPUT 1 "a";
    .port_info 1 /INPUT 1 "b";
    .port_info 2 /OUTPUT 1 "s";
    .port_info 3 /OUTPUT 1 "cout";
L_0x6000034d3870 .functor XOR 1, L_0x600002ed0d20, L_0x600002ed0dc0, C4<0>, C4<0>;
L_0x6000034d38e0 .functor AND 1, L_0x600002ed0d20, L_0x600002ed0dc0, C4<1>, C4<1>;
v0x600002dd5cb0_0 .net "a", 0 0, L_0x600002ed0d20;  alias, 1 drivers
v0x600002dd5d40_0 .net "b", 0 0, L_0x600002ed0dc0;  alias, 1 drivers
v0x600002dd5dd0_0 .net "cout", 0 0, L_0x6000034d38e0;  alias, 1 drivers
v0x600002dd5e60_0 .net "s", 0 0, L_0x6000034d3870;  alias, 1 drivers
S_0x14ee1ba10 .scope module, "h1" "halfadder" 3 28, 3 10 0, S_0x14ee1b730;
 .timescale -9 -12;
    .port_info 0 /INPUT 1 "a";
    .port_info 1 /INPUT 1 "b";
    .port_info 2 /OUTPUT 1 "s";
    .port_info 3 /OUTPUT 1 "cout";
L_0x6000034d3950 .functor XOR 1, L_0x6000034d3870, L_0x6000034d3800, C4<0>, C4<0>;
L_0x6000034d39c0 .functor AND 1, L_0x6000034d3870, L_0x6000034d3800, C4<1>, C4<1>;
v0x600002dd5ef0_0 .net "a", 0 0, L_0x6000034d3870;  alias, 1 drivers
v0x600002dd5f80_0 .net "b", 0 0, L_0x6000034d3800;  alias, 1 drivers
v0x600002dd6010_0 .net "cout", 0 0, L_0x6000034d39c0;  alias, 1 drivers
v0x600002dd60a0_0 .net "s", 0 0, L_0x6000034d3950;  alias, 1 drivers
S_0x14ee1bb80 .scope module, "a3" "fulladder2" 3 51, 3 33 0, S_0x14ee1b000;
 .timescale -9 -12;
    .port_info 0 /INPUT 1 "cin";
    .port_info 1 /INPUT 2 "a";
    .port_info 2 /INPUT 2 "b";
    .port_info 3 /OUTPUT 2 "s";
    .port_info 4 /OUTPUT 1 "cout";
v0x600002dd7b10_0 .net "a", 1 0, L_0x600002ed1360;  1 drivers
v0x600002dd7ba0_0 .net "b", 1 0, L_0x600002ed1400;  1 drivers
v0x600002dd7c30_0 .net "cin", 0 0, L_0x6000034d3a30;  alias, 1 drivers
v0x600002dd7cc0_0 .net "cout", 0 0, L_0x6000034d3e90;  1 drivers
v0x600002dd7d50_0 .net "cout_tmp", 0 0, L_0x6000034d3c60;  1 drivers
v0x600002dd7de0_0 .net "s", 1 0, L_0x600002ed12c0;  1 drivers
L_0x600002ed1040 .part L_0x600002ed1360, 0, 1;
L_0x600002ed10e0 .part L_0x600002ed1400, 0, 1;
L_0x600002ed1180 .part L_0x600002ed1360, 1, 1;
L_0x600002ed1220 .part L_0x600002ed1400, 1, 1;
L_0x600002ed12c0 .concat8 [ 1 1 0 0], L_0x6000034d3b80, L_0x6000034d3db0;
S_0x14ee1bcf0 .scope module, "a0" "fulladder" 3 40, 3 20 0, S_0x14ee1bb80;
 .timescale -9 -12;
    .port_info 0 /INPUT 1 "cin";
    .port_info 1 /INPUT 1 "a";
    .port_info 2 /INPUT 1 "b";
    .port_info 3 /OUTPUT 1 "s";
    .port_info 4 /OUTPUT 1 "cout";
L_0x6000034d3c60 .functor OR 1, L_0x6000034d3b10, L_0x6000034d3bf0, C4<0>, C4<0>;
v0x600002dd6d90_0 .net "a", 0 0, L_0x600002ed1040;  1 drivers
v0x600002dd6e20_0 .net "b", 0 0, L_0x600002ed10e0;  1 drivers
v0x600002dd6eb0_0 .net "cin", 0 0, L_0x6000034d3a30;  alias, 1 drivers
v0x600002dd6f40_0 .net "cout", 0 0, L_0x6000034d3c60;  alias, 1 drivers
v0x600002dd6fd0_0 .net "cout_tmp1", 0 0, L_0x6000034d3b10;  1 drivers
v0x600002dd7060_0 .net "cout_tmp2", 0 0, L_0x6000034d3bf0;  1 drivers
v0x600002dd70f0_0 .net "s", 0 0, L_0x6000034d3b80;  1 drivers
v0x600002dd7180_0 .net "s_tmp", 0 0, L_0x6000034d3aa0;  1 drivers
S_0x14ee1be60 .scope module, "h0" "halfadder" 3 27, 3 10 0, S_0x14ee1bcf0;
 .timescale -9 -12;
    .port_info 0 /INPUT 1 "a";
    .port_info 1 /INPUT 1 "b";
    .port_info 2 /OUTPUT 1 "s";
    .port_info 3 /OUTPUT 1 "cout";
L_0x6000034d3aa0 .functor XOR 1, L_0x600002ed1040, L_0x600002ed10e0, C4<0>, C4<0>;
L_0x6000034d3b10 .functor AND 1, L_0x600002ed1040, L_0x600002ed10e0, C4<1>, C4<1>;
v0x600002dd6910_0 .net "a", 0 0, L_0x600002ed1040;  alias, 1 drivers
v0x600002dd69a0_0 .net "b", 0 0, L_0x600002ed10e0;  alias, 1 drivers
v0x600002dd6a30_0 .net "cout", 0 0, L_0x6000034d3b10;  alias, 1 drivers
v0x600002dd6ac0_0 .net "s", 0 0, L_0x6000034d3aa0;  alias, 1 drivers
S_0x14ee1bfd0 .scope module, "h1" "halfadder" 3 28, 3 10 0, S_0x14ee1bcf0;
 .timescale -9 -12;
    .port_info 0 /INPUT 1 "a";
    .port_info 1 /INPUT 1 "b";
    .port_info 2 /OUTPUT 1 "s";
    .port_info 3 /OUTPUT 1 "cout";
L_0x6000034d3b80 .functor XOR 1, L_0x6000034d3aa0, L_0x6000034d3a30, C4<0>, C4<0>;
L_0x6000034d3bf0 .functor AND 1, L_0x6000034d3aa0, L_0x6000034d3a30, C4<1>, C4<1>;
v0x600002dd6b50_0 .net "a", 0 0, L_0x6000034d3aa0;  alias, 1 drivers
v0x600002dd6be0_0 .net "b", 0 0, L_0x6000034d3a30;  alias, 1 drivers
v0x600002dd6c70_0 .net "cout", 0 0, L_0x6000034d3bf0;  alias, 1 drivers
v0x600002dd6d00_0 .net "s", 0 0, L_0x6000034d3b80;  alias, 1 drivers
S_0x14ee1c140 .scope module, "a1" "fulladder" 3 41, 3 20 0, S_0x14ee1bb80;
 .timescale -9 -12;
    .port_info 0 /INPUT 1 "cin";
    .port_info 1 /INPUT 1 "a";
    .port_info 2 /INPUT 1 "b";
    .port_info 3 /OUTPUT 1 "s";
    .port_info 4 /OUTPUT 1 "cout";
L_0x6000034d3e90 .functor OR 1, L_0x6000034d3d40, L_0x6000034d3e20, C4<0>, C4<0>;
v0x600002dd7690_0 .net "a", 0 0, L_0x600002ed1180;  1 drivers
v0x600002dd7720_0 .net "b", 0 0, L_0x600002ed1220;  1 drivers
v0x600002dd77b0_0 .net "cin", 0 0, L_0x6000034d3c60;  alias, 1 drivers
v0x600002dd7840_0 .net "cout", 0 0, L_0x6000034d3e90;  alias, 1 drivers
v0x600002dd78d0_0 .net "cout_tmp1", 0 0, L_0x6000034d3d40;  1 drivers
v0x600002dd7960_0 .net "cout_tmp2", 0 0, L_0x6000034d3e20;  1 drivers
v0x600002dd79f0_0 .net "s", 0 0, L_0x6000034d3db0;  1 drivers
v0x600002dd7a80_0 .net "s_tmp", 0 0, L_0x6000034d3cd0;  1 drivers
S_0x14ee1c2b0 .scope module, "h0" "halfadder" 3 27, 3 10 0, S_0x14ee1c140;
 .timescale -9 -12;
    .port_info 0 /INPUT 1 "a";
    .port_info 1 /INPUT 1 "b";
    .port_info 2 /OUTPUT 1 "s";
    .port_info 3 /OUTPUT 1 "cout";
L_0x6000034d3cd0 .functor XOR 1, L_0x600002ed1180, L_0x600002ed1220, C4<0>, C4<0>;
L_0x6000034d3d40 .functor AND 1, L_0x600002ed1180, L_0x600002ed1220, C4<1>, C4<1>;
v0x600002dd7210_0 .net "a", 0 0, L_0x600002ed1180;  alias, 1 drivers
v0x600002dd72a0_0 .net "b", 0 0, L_0x600002ed1220;  alias, 1 drivers
v0x600002dd7330_0 .net "cout", 0 0, L_0x6000034d3d40;  alias, 1 drivers
v0x600002dd73c0_0 .net "s", 0 0, L_0x6000034d3cd0;  alias, 1 drivers
S_0x14ee1c420 .scope module, "h1" "halfadder" 3 28, 3 10 0, S_0x14ee1c140;
 .timescale -9 -12;
    .port_info 0 /INPUT 1 "a";
    .port_info 1 /INPUT 1 "b";
    .port_info 2 /OUTPUT 1 "s";
    .port_info 3 /OUTPUT 1 "cout";
L_0x6000034d3db0 .functor XOR 1, L_0x6000034d3cd0, L_0x6000034d3c60, C4<0>, C4<0>;
L_0x6000034d3e20 .functor AND 1, L_0x6000034d3cd0, L_0x6000034d3c60, C4<1>, C4<1>;
v0x600002dd7450_0 .net "a", 0 0, L_0x6000034d3cd0;  alias, 1 drivers
v0x600002dd74e0_0 .net "b", 0 0, L_0x6000034d3c60;  alias, 1 drivers
v0x600002dd7570_0 .net "cout", 0 0, L_0x6000034d3e20;  alias, 1 drivers
v0x600002dd7600_0 .net "s", 0 0, L_0x6000034d3db0;  alias, 1 drivers
    .scope S_0x14ee171a0;
T_1 ;
    %vpi_call 2 52 "$dumpfile", "rca.vcd" {0 0 0};
    %vpi_call 2 53 "$dumpvars" {0 0 0};
    %pushi/vec4 0, 0, 1;
    %store/vec4 v0x600002dd8ab0_0, 0, 1;
    %pushi/vec4 0, 0, 1;
    %store/vec4 v0x600002dd9050_0, 0, 1;
    %pushi/vec4 0, 0, 32;
    %store/vec4 v0x600002dd9290_0, 0, 32;
    %pushi/vec4 0, 0, 32;
    %store/vec4 v0x600002dd9680_0, 0, 32;
    %delay 100000, 0;
    %pushi/vec4 0, 0, 32;
    %store/vec4 v0x600002dd95f0_0, 0, 32;
T_1.0 ;
    %load/vec4 v0x600002dd95f0_0;
    %cmpi/s 3, 0, 32;
    %flag_or 5, 4;
    %jmp/0xz T_1.1, 5;
    %load/vec4 v0x600002dd95f0_0;
    %parti/s 1, 0, 2;
    %store/vec4 v0x600002dd8ab0_0, 0, 1;
    %load/vec4 v0x600002dd95f0_0;
    %parti/s 1, 1, 2;
    %store/vec4 v0x600002dd9050_0, 0, 1;
    %delay 6000, 0;
    %load/vec4 v0x600002dd9680_0;
    %addi 2, 0, 32;
    %store/vec4 v0x600002dd9680_0, 0, 32;
    %load/vec4 v0x600002dd95f0_0;
    %dup/vec4;
    %pushi/vec4 0, 0, 32;
    %cmp/u;
    %jmp/1 T_1.2, 6;
    %dup/vec4;
    %pushi/vec4 3, 0, 32;
    %cmp/u;
    %jmp/1 T_1.3, 6;
    %dup/vec4;
    %pushi/vec4 1, 0, 32;
    %cmp/u;
    %jmp/1 T_1.4, 6;
    %dup/vec4;
    %pushi/vec4 2, 0, 32;
    %cmp/u;
    %jmp/1 T_1.5, 6;
    %jmp T_1.6;
T_1.2 ;
    %load/vec4 v0x600002dd8f30_0;
    %pad/u 32;
    %cmpi/ne 0, 0, 32;
    %jmp/0xz  T_1.7, 6;
    %load/vec4 v0x600002dd9290_0;
    %cmpi/s 15, 0, 32;
    %jmp/0xz  T_1.9, 5;
    %vpi_call 2 78 "$display", "[halfadder] ERROR: %b + %b should produce sum=0 but was %b instead", v0x600002dd8ab0_0, v0x600002dd9050_0, v0x600002dd8f30_0 {0 0 0};
T_1.9 ;
    %load/vec4 v0x600002dd9290_0;
    %addi 1, 0, 32;
    %store/vec4 v0x600002dd9290_0, 0, 32;
T_1.7 ;
    %jmp T_1.6;
T_1.3 ;
    %load/vec4 v0x600002dd8f30_0;
    %pad/u 32;
    %cmpi/ne 0, 0, 32;
    %jmp/0xz  T_1.11, 6;
    %load/vec4 v0x600002dd9290_0;
    %cmpi/s 15, 0, 32;
    %jmp/0xz  T_1.13, 5;
    %vpi_call 2 78 "$display", "[halfadder] ERROR: %b + %b should produce sum=0 but was %b instead", v0x600002dd8ab0_0, v0x600002dd9050_0, v0x600002dd8f30_0 {0 0 0};
T_1.13 ;
    %load/vec4 v0x600002dd9290_0;
    %addi 1, 0, 32;
    %store/vec4 v0x600002dd9290_0, 0, 32;
T_1.11 ;
    %jmp T_1.6;
T_1.4 ;
    %load/vec4 v0x600002dd8f30_0;
    %pad/u 32;
    %cmpi/ne 1, 0, 32;
    %jmp/0xz  T_1.15, 6;
    %load/vec4 v0x600002dd9290_0;
    %cmpi/s 15, 0, 32;
    %jmp/0xz  T_1.17, 5;
    %vpi_call 2 85 "$display", "[halfadder] ERROR: %b + %b should produce sum=1 but was %b instead", v0x600002dd8ab0_0, v0x600002dd9050_0, v0x600002dd8f30_0 {0 0 0};
T_1.17 ;
    %load/vec4 v0x600002dd9290_0;
    %addi 1, 0, 32;
    %store/vec4 v0x600002dd9290_0, 0, 32;
T_1.15 ;
    %jmp T_1.6;
T_1.5 ;
    %load/vec4 v0x600002dd8f30_0;
    %pad/u 32;
    %cmpi/ne 1, 0, 32;
    %jmp/0xz  T_1.19, 6;
    %load/vec4 v0x600002dd9290_0;
    %cmpi/s 15, 0, 32;
    %jmp/0xz  T_1.21, 5;
    %vpi_call 2 85 "$display", "[halfadder] ERROR: %b + %b should produce sum=1 but was %b instead", v0x600002dd8ab0_0, v0x600002dd9050_0, v0x600002dd8f30_0 {0 0 0};
T_1.21 ;
    %load/vec4 v0x600002dd9290_0;
    %addi 1, 0, 32;
    %store/vec4 v0x600002dd9290_0, 0, 32;
T_1.19 ;
    %jmp T_1.6;
T_1.6 ;
    %pop/vec4 1;
    %load/vec4 v0x600002dd95f0_0;
    %cmpi/s 3, 0, 32;
    %flag_get/vec4 5;
    %pushi/vec4 0, 0, 32;
    %load/vec4 v0x600002dd8ea0_0;
    %pad/u 32;
    %cmp/ne;
    %flag_get/vec4 6;
    %and;
    %flag_set/vec4 8;
    %jmp/0xz  T_1.23, 8;
    %load/vec4 v0x600002dd9290_0;
    %cmpi/s 15, 0, 32;
    %jmp/0xz  T_1.25, 5;
    %vpi_call 2 94 "$display", "[halfadder] ERROR: %b + %b should produce cout=0 but was %b instead", v0x600002dd8ab0_0, v0x600002dd9050_0, v0x600002dd8ea0_0 {0 0 0};
T_1.25 ;
    %load/vec4 v0x600002dd9290_0;
    %addi 1, 0, 32;
    %store/vec4 v0x600002dd9290_0, 0, 32;
T_1.23 ;
    %load/vec4 v0x600002dd95f0_0;
    %pushi/vec4 3, 0, 32;
    %cmp/e;
    %flag_get/vec4 4;
    %pushi/vec4 1, 0, 32;
    %load/vec4 v0x600002dd8ea0_0;
    %pad/u 32;
    %cmp/ne;
    %flag_get/vec4 6;
    %and;
    %flag_set/vec4 8;
    %jmp/0xz  T_1.27, 8;
    %load/vec4 v0x600002dd9290_0;
    %cmpi/s 15, 0, 32;
    %jmp/0xz  T_1.29, 5;
    %vpi_call 2 100 "$display", "[halfadder] ERROR: %b + %b should produce cout=1 but was %b instead", v0x600002dd8ab0_0, v0x600002dd9050_0, v0x600002dd8ea0_0 {0 0 0};
T_1.29 ;
    %load/vec4 v0x600002dd9290_0;
    %addi 1, 0, 32;
    %store/vec4 v0x600002dd9290_0, 0, 32;
T_1.27 ;
    %load/vec4 v0x600002dd95f0_0;
    %addi 1, 0, 32;
    %store/vec4 v0x600002dd95f0_0, 0, 32;
    %jmp T_1.0;
T_1.1 ;
    %pushi/vec4 0, 0, 32;
    %store/vec4 v0x600002dd95f0_0, 0, 32;
T_1.31 ;
    %load/vec4 v0x600002dd95f0_0;
    %cmpi/s 7, 0, 32;
    %flag_or 5, 4;
    %jmp/0xz T_1.32, 5;
    %load/vec4 v0x600002dd95f0_0;
    %parti/s 1, 0, 2;
    %store/vec4 v0x600002dd8ab0_0, 0, 1;
    %load/vec4 v0x600002dd95f0_0;
    %parti/s 1, 1, 2;
    %store/vec4 v0x600002dd9050_0, 0, 1;
    %load/vec4 v0x600002dd95f0_0;
    %parti/s 1, 2, 3;
    %store/vec4 v0x600002dd9200_0, 0, 1;
    %delay 6000, 0;
    %load/vec4 v0x600002dd9680_0;
    %addi 2, 0, 32;
    %store/vec4 v0x600002dd9680_0, 0, 32;
    %load/vec4 v0x600002dd9440_0;
    %load/vec4 v0x600002dd8d80_0;
    %cmp/ne;
    %jmp/0xz  T_1.33, 6;
    %load/vec4 v0x600002dd9290_0;
    %cmpi/s 15, 0, 32;
    %jmp/0xz  T_1.35, 5;
    %vpi_call 2 120 "$display", "[fulladder] ERROR: %b + %b should produce cout=%b but was %b instead", v0x600002dd8ab0_0, v0x600002dd9050_0, v0x600002dd9440_0, v0x600002dd8d80_0 {0 0 0};
T_1.35 ;
    %load/vec4 v0x600002dd9290_0;
    %addi 1, 0, 32;
    %store/vec4 v0x600002dd9290_0, 0, 32;
T_1.33 ;
    %load/vec4 v0x600002dd94d0_0;
    %load/vec4 v0x600002dd8e10_0;
    %cmp/ne;
    %jmp/0xz  T_1.37, 6;
    %load/vec4 v0x600002dd9290_0;
    %cmpi/s 15, 0, 32;
    %jmp/0xz  T_1.39, 5;
    %vpi_call 2 126 "$display", "[fulladder] ERROR: %b + %b should produce sum=%b but was %b instead", v0x600002dd8ab0_0, v0x600002dd9050_0, v0x600002dd94d0_0, v0x600002dd8e10_0 {0 0 0};
T_1.39 ;
    %load/vec4 v0x600002dd9290_0;
    %addi 1, 0, 32;
    %store/vec4 v0x600002dd9290_0, 0, 32;
T_1.37 ;
    %load/vec4 v0x600002dd95f0_0;
    %addi 1, 0, 32;
    %store/vec4 v0x600002dd95f0_0, 0, 32;
    %jmp T_1.31;
T_1.32 ;
    %pushi/vec4 0, 0, 32;
    %store/vec4 v0x600002dd95f0_0, 0, 32;
T_1.41 ;
    %load/vec4 v0x600002dd95f0_0;
    %cmpi/s 31, 0, 32;
    %flag_or 5, 4;
    %jmp/0xz T_1.42, 5;
    %load/vec4 v0x600002dd95f0_0;
    %parti/s 2, 0, 2;
    %store/vec4 v0x600002dd8b40_0, 0, 2;
    %load/vec4 v0x600002dd95f0_0;
    %parti/s 2, 2, 3;
    %store/vec4 v0x600002dd90e0_0, 0, 2;
    %load/vec4 v0x600002dd95f0_0;
    %parti/s 1, 4, 4;
    %store/vec4 v0x600002dd9200_0, 0, 1;
    %delay 6000, 0;
    %load/vec4 v0x600002dd9680_0;
    %addi 2, 0, 32;
    %store/vec4 v0x600002dd9680_0, 0, 32;
    %load/vec4 v0x600002dd9320_0;
    %load/vec4 v0x600002dd8c60_0;
    %cmp/ne;
    %jmp/0xz  T_1.43, 6;
    %load/vec4 v0x600002dd9290_0;
    %cmpi/s 15, 0, 32;
    %jmp/0xz  T_1.45, 5;
    %vpi_call 2 145 "$display", "[fulladder2] ERROR: %b + %b should produce cout=%b but was %b instead", v0x600002dd8b40_0, v0x600002dd90e0_0, v0x600002dd9320_0, v0x600002dd8c60_0 {0 0 0};
T_1.45 ;
    %load/vec4 v0x600002dd9290_0;
    %addi 1, 0, 32;
    %store/vec4 v0x600002dd9290_0, 0, 32;
T_1.43 ;
    %load/vec4 v0x600002dd93b0_0;
    %load/vec4 v0x600002dd8cf0_0;
    %cmp/ne;
    %jmp/0xz  T_1.47, 6;
    %load/vec4 v0x600002dd9290_0;
    %cmpi/s 15, 0, 32;
    %jmp/0xz  T_1.49, 5;
    %vpi_call 2 151 "$display", "[fulladder2] ERROR: %b + %b should produce sum=%b but was %b instead", v0x600002dd8b40_0, v0x600002dd90e0_0, v0x600002dd93b0_0, v0x600002dd8cf0_0 {0 0 0};
T_1.49 ;
    %load/vec4 v0x600002dd9290_0;
    %addi 1, 0, 32;
    %store/vec4 v0x600002dd9290_0, 0, 32;
T_1.47 ;
    %load/vec4 v0x600002dd95f0_0;
    %addi 1, 0, 32;
    %store/vec4 v0x600002dd95f0_0, 0, 32;
    %jmp T_1.41;
T_1.42 ;
    %pushi/vec4 0, 0, 32;
    %store/vec4 v0x600002dd95f0_0, 0, 32;
T_1.51 ;
    %load/vec4 v0x600002dd95f0_0;
    %cmpi/s 255, 0, 32;
    %flag_or 5, 4;
    %jmp/0xz T_1.52, 5;
    %load/vec4 v0x600002dd95f0_0;
    %parti/s 4, 0, 2;
    %store/vec4 v0x600002dd8bd0_0, 0, 4;
    %load/vec4 v0x600002dd95f0_0;
    %parti/s 4, 4, 4;
    %store/vec4 v0x600002dd9170_0, 0, 4;
    %delay 6000, 0;
    %load/vec4 v0x600002dd9680_0;
    %addi 1, 0, 32;
    %store/vec4 v0x600002dd9680_0, 0, 32;
    %load/vec4 v0x600002dd9560_0;
    %pad/u 8;
    %load/vec4 v0x600002dd8fc0_0;
    %cmp/ne;
    %jmp/0xz  T_1.53, 6;
    %load/vec4 v0x600002dd9290_0;
    %cmpi/s 15, 0, 32;
    %jmp/0xz  T_1.55, 5;
    %vpi_call 2 170 "$display", "[rca4] ERROR: %b + %b should produce sum=%b but was %b instead", v0x600002dd8bd0_0, v0x600002dd9170_0, v0x600002dd9560_0, v0x600002dd8fc0_0 {0 0 0};
T_1.55 ;
    %load/vec4 v0x600002dd9290_0;
    %addi 1, 0, 32;
    %store/vec4 v0x600002dd9290_0, 0, 32;
T_1.53 ;
    %load/vec4 v0x600002dd95f0_0;
    %addi 1, 0, 32;
    %store/vec4 v0x600002dd95f0_0, 0, 32;
    %jmp T_1.51;
T_1.52 ;
    %load/vec4 v0x600002dd9290_0;
    %cmpi/s 15, 0, 32;
    %flag_or 5, 4; GT is !LE
    %flag_inv 5;
    %jmp/0xz  T_1.57, 5;
    %load/vec4 v0x600002dd9290_0;
    %subi 15, 0, 32;
    %vpi_call 2 177 "$display", "Additional %d errors NOT printed.", S<0,vec4,s32> {1 0 0};
T_1.57 ;
    %vpi_call 2 179 "$display", "Simulation finished: %d test cases %d errors", v0x600002dd9680_0, v0x600002dd9290_0 {0 0 0};
    %load/vec4 v0x600002dd9680_0;
    %store/vec4 v0x600002dd5320_0, 0, 32;
    %load/vec4 v0x600002dd9680_0;
    %load/vec4 v0x600002dd9290_0;
    %sub;
    %store/vec4 v0x600002dd5290_0, 0, 32;
    %fork TD_test_adders.printPoints, S_0x14ee1ae90;
    %join;
    %vpi_call 2 181 "$finish" {0 0 0};
    %end;
    .thread T_1;
# The file index is used to find the file name in the following table.
:file_names 5;
    "N/A";
    "<interactive>";
    "rca_testbench.v";
    "rca.v";
    "./print_points.v";
